#
# There is insufficient memory for the Java Runtime Environment to continue.
# Native memory allocation (malloc) failed to allocate 32744 bytes for ChunkPool::allocate
# Possible reasons:
#   The system is out of physical RAM or swap space
#   In 32 bit mode, the process size limit was hit
# Possible solutions:
#   Reduce memory load on the system
#   Increase physical memory or swap space
#   Check if swap backing store is full
#   Use 64 bit Java on a 64 bit OS
#   Decrease Java heap size (-Xmx/-Xms)
#   Decrease number of Java threads
#   Decrease Java thread stack sizes (-Xss)
#   Set larger code cache with -XX:ReservedCodeCacheSize=
# This output file may be truncated or incomplete.
#
#  Out of Memory Error (allocation.cpp:273), pid=1264, tid=0x0000000000000c40
#
# JRE version: OpenJDK Runtime Environment (8.0_152-b01) (build 1.8.0_152-release-915-b01)
# Java VM: OpenJDK 64-Bit Server VM (25.152-b01 mixed mode windows-amd64 compressed oops)
# Failed to write core dump. Minidumps are not enabled by default on client versions of Windows
#

---------------  T H R E A D  ---------------

Current thread (0x000000001b683800):  JavaThread "C2 CompilerThread2" daemon [_thread_in_native, id=3136, stack(0x000000001c140000,0x000000001c240000)]

Stack: [0x000000001c140000,0x000000001c240000]
[error occurred during error reporting (printing stack bounds), id 0xc0000005]

Native frames: (J=compiled Java code, j=interpreted, Vv=VM code, C=native code)


Current CompileTask:
C2:   5944 1441   !   4       java.net.URLClassLoader$1::run (63 bytes)


---------------  P R O C E S S  ---------------

Java Threads: ( => current thread )
  0x000000001ddf1000 JavaThread "Cache worker for file hash cache (F:\android\OrderApp\.gradle\4.1\fileHashes)" [_thread_blocked, id=10260, stack(0x00000000202a0000,0x00000000203a0000)]
  0x000000001dd21800 JavaThread "File lock request listener" [_thread_in_native, id=10376, stack(0x000000001ffa0000,0x00000000200a0000)]
  0x000000001d6c3000 JavaThread "Cache worker for file hash cache (C:\Users\MSI SERI\.gradle\caches\4.1\fileHashes)" [_thread_blocked, id=1172, stack(0x000000001fea0000,0x000000001ffa0000)]
  0x000000001d88d800 JavaThread "Stdin handler" [_thread_blocked, id=12280, stack(0x000000001fda0000,0x000000001fea0000)]
  0x000000001d88b800 JavaThread "Asynchronous log dispatcher for DefaultDaemonConnection: socket connection from /127.0.0.1:51494 to /127.0.0.1:51495" [_thread_blocked, id=3800, stack(0x000000001fba0000,0x000000001fca0000)]
  0x000000001d886000 JavaThread "Daemon worker" [_thread_in_native, id=2592, stack(0x000000001faa0000,0x000000001fba0000)]
  0x000000001d895800 JavaThread "Cancel handler" [_thread_blocked, id=12944, stack(0x000000001f9a0000,0x000000001faa0000)]
  0x000000001d8ae800 JavaThread "Handler for socket connection from /127.0.0.1:51494 to /127.0.0.1:51495" [_thread_in_native, id=13088, stack(0x000000001f6a0000,0x000000001f7a0000)]
  0x000000001d8ae000 JavaThread "Daemon" [_thread_blocked, id=4968, stack(0x000000001f5a0000,0x000000001f6a0000)]
  0x000000001d8aa800 JavaThread "Daemon periodic checks" [_thread_blocked, id=8772, stack(0x000000001f4a0000,0x000000001f5a0000)]
  0x000000001d8a9000 JavaThread "Incoming local TCP Connector on port 51494" [_thread_in_native, id=11936, stack(0x000000001f260000,0x000000001f360000)]
  0x000000001b71a800 JavaThread "Service Thread" daemon [_thread_blocked, id=6524, stack(0x000000001c340000,0x000000001c440000)]
  0x000000001977e000 JavaThread "C1 CompilerThread3" daemon [_thread_blocked, id=3436, stack(0x000000001c240000,0x000000001c340000)]
=>0x000000001b683800 JavaThread "C2 CompilerThread2" daemon [_thread_in_native, id=3136, stack(0x000000001c140000,0x000000001c240000)]
  0x000000001b682800 JavaThread "C2 CompilerThread1" daemon [_thread_in_native, id=3768, stack(0x000000001c040000,0x000000001c140000)]
  0x000000001b67c800 JavaThread "C2 CompilerThread0" daemon [_thread_in_native, id=2228, stack(0x000000001bf40000,0x000000001c040000)]
  0x000000001b67b000 JavaThread "Attach Listener" daemon [_thread_blocked, id=12772, stack(0x000000001be40000,0x000000001bf40000)]
  0x000000001b67a000 JavaThread "Signal Dispatcher" daemon [_thread_blocked, id=6856, stack(0x000000001bd40000,0x000000001be40000)]
  0x000000001b670800 JavaThread "Finalizer" daemon [_thread_blocked, id=3664, stack(0x000000001ba50000,0x000000001bb50000)]
  0x000000001976a800 JavaThread "Reference Handler" daemon [_thread_blocked, id=12976, stack(0x000000001b550000,0x000000001b650000)]
  0x00000000045fe800 JavaThread "main" [_thread_blocked, id=6712, stack(0x0000000004450000,0x0000000004550000)]

Other Threads:
  0x0000000019765000 VMThread [stack: 0x000000001b450000,0x000000001b550000] [id=10992]
  0x000000001b71b800 WatcherThread [stack: 0x000000001c440000,0x000000001c540000] [id=7308]

VM state:not at safepoint (normal execution)

VM Mutex/Monitor currently owned by a thread: None

Heap:
 PSYoungGen      total 38400K, used 15401K [0x00000000d5580000, 0x00000000d8000000, 0x0000000100000000)
  eden space 33280K, 30% used [0x00000000d5580000,0x00000000d5f8e860,0x00000000d7600000)
  from space 5120K, 99% used [0x00000000d7600000,0x00000000d7afbdc0,0x00000000d7b00000)
  to   space 5120K, 0% used [0x00000000d7b00000,0x00000000d7b00000,0x00000000d8000000)
 ParOldGen       total 87552K, used 3721K [0x0000000080000000, 0x0000000085580000, 0x00000000d5580000)
  object space 87552K, 4% used [0x0000000080000000,0x00000000803a2660,0x0000000085580000)
 Metaspace       used 16684K, capacity 17010K, committed 17152K, reserved 1064960K
  class space    used 2386K, capacity 2521K, committed 2560K, reserved 1048576K

Card table byte_map: [0x0000000013ac0000,0x0000000013ed0000] byte_map_base: 0x00000000136c0000

Marking Bits: (ParMarkBitMap*) 0x000000005ec43950
 Begin Bits: [0x0000000014980000, 0x0000000016980000)
 End Bits:   [0x0000000016980000, 0x0000000018980000)

Polling page: 0x0000000004550000

CodeCache: size=245760Kb used=5313Kb max_used=5313Kb free=240446Kb
 bounds [0x0000000004700000, 0x0000000004c40000, 0x0000000013700000]
 total_blobs=1941 nmethods=1565 adapters=289
 compilation: enabled

Compilation events (10 events):
Event: 5.852 Thread 0x000000001977e000 nmethod 1532 0x0000000004c1c950 code [0x0000000004c1caa0, 0x0000000004c1cc30]
Event: 5.853 Thread 0x000000001977e000 1533       3       java.util.concurrent.locks.AbstractQueuedSynchronizer::release (33 bytes)
Event: 5.853 Thread 0x000000001977e000 nmethod 1533 0x0000000004c17c50 code [0x0000000004c17dc0, 0x0000000004c180d8]
Event: 5.853 Thread 0x000000001977e000 1535       3       sun.security.provider.MD5::FF (33 bytes)
Event: 5.853 Thread 0x000000001977e000 nmethod 1535 0x0000000004c17910 code [0x0000000004c17a60, 0x0000000004c17bd0]
Event: 5.853 Thread 0x000000001977e000 1534       3       java.util.concurrent.locks.AbstractQueuedSynchronizer::compareAndSetState (13 bytes)
Event: 5.854 Thread 0x000000001977e000 nmethod 1534 0x0000000004c175d0 code [0x0000000004c17720, 0x0000000004c17890]
Event: 5.855 Thread 0x000000001977e000 1536       3       java.util.concurrent.locks.ReentrantLock$Sync::tryRelease (45 bytes)
Event: 5.857 Thread 0x000000001977e000 nmethod 1536 0x0000000004c1fe50 code [0x0000000004c1ffe0, 0x0000000004c20588]
Event: 5.857 Thread 0x000000001977e000 1537       3       java.net.URI::toURL (29 bytes)

GC Heap History (6 events):
Event: 1.025 GC heap before
{Heap before GC invocations=1 (full 0):
 PSYoungGen      total 38400K, used 33280K [0x00000000d5580000, 0x00000000d8000000, 0x0000000100000000)
  eden space 33280K, 100% used [0x00000000d5580000,0x00000000d7600000,0x00000000d7600000)
  from space 5120K, 0% used [0x00000000d7b00000,0x00000000d7b00000,0x00000000d8000000)
  to   space 5120K, 0% used [0x00000000d7600000,0x00000000d7600000,0x00000000d7b00000)
 ParOldGen       total 87552K, used 0K [0x0000000080000000, 0x0000000085580000, 0x00000000d5580000)
  object space 87552K, 0% used [0x0000000080000000,0x0000000080000000,0x0000000085580000)
 Metaspace       used 6588K, capacity 6766K, committed 7040K, reserved 1056768K
  class space    used 799K, capacity 875K, committed 896K, reserved 1048576K
Event: 1.031 GC heap after
Heap after GC invocations=1 (full 0):
 PSYoungGen      total 38400K, used 4062K [0x00000000d5580000, 0x00000000d8000000, 0x0000000100000000)
  eden space 33280K, 0% used [0x00000000d5580000,0x00000000d5580000,0x00000000d7600000)
  from space 5120K, 79% used [0x00000000d7600000,0x00000000d79f7ad8,0x00000000d7b00000)
  to   space 5120K, 0% used [0x00000000d7b00000,0x00000000d7b00000,0x00000000d8000000)
 ParOldGen       total 87552K, used 8K [0x0000000080000000, 0x0000000085580000, 0x00000000d5580000)
  object space 87552K, 0% used [0x0000000080000000,0x0000000080002000,0x0000000085580000)
 Metaspace       used 6588K, capacity 6766K, committed 7040K, reserved 1056768K
  class space    used 799K, capacity 875K, committed 896K, reserved 1048576K
}
Event: 4.210 GC heap before
{Heap before GC invocations=2 (full 0):
 PSYoungGen      total 38400K, used 37342K [0x00000000d5580000, 0x00000000d8000000, 0x0000000100000000)
  eden space 33280K, 100% used [0x00000000d5580000,0x00000000d7600000,0x00000000d7600000)
  from space 5120K, 79% used [0x00000000d7600000,0x00000000d79f7ad8,0x00000000d7b00000)
  to   space 5120K, 0% used [0x00000000d7b00000,0x00000000d7b00000,0x00000000d8000000)
 ParOldGen       total 87552K, used 8K [0x0000000080000000, 0x0000000085580000, 0x00000000d5580000)
  object space 87552K, 0% used [0x0000000080000000,0x0000000080002000,0x0000000085580000)
 Metaspace       used 12177K, capacity 12544K, committed 12800K, reserved 1060864K
  class space    used 1630K, capacity 1766K, committed 1792K, reserved 1048576K
Event: 4.229 GC heap after
Heap after GC invocations=2 (full 0):
 PSYoungGen      total 38400K, used 5115K [0x00000000d5580000, 0x00000000d8000000, 0x0000000100000000)
  eden space 33280K, 0% used [0x00000000d5580000,0x00000000d5580000,0x00000000d7600000)
  from space 5120K, 99% used [0x00000000d7b00000,0x00000000d7ffeec0,0x00000000d8000000)
  to   space 5120K, 0% used [0x00000000d7600000,0x00000000d7600000,0x00000000d7b00000)
 ParOldGen       total 87552K, used 869K [0x0000000080000000, 0x0000000085580000, 0x00000000d5580000)
  object space 87552K, 0% used [0x0000000080000000,0x00000000800d9670,0x0000000085580000)
 Metaspace       used 12177K, capacity 12544K, committed 12800K, reserved 1060864K
  class space    used 1630K, capacity 1766K, committed 1792K, reserved 1048576K
}
Event: 5.220 GC heap before
{Heap before GC invocations=3 (full 0):
 PSYoungGen      total 38400K, used 38395K [0x00000000d5580000, 0x00000000d8000000, 0x0000000100000000)
  eden space 33280K, 100% used [0x00000000d5580000,0x00000000d7600000,0x00000000d7600000)
  from space 5120K, 99% used [0x00000000d7b00000,0x00000000d7ffeec0,0x00000000d8000000)
  to   space 5120K, 0% used [0x00000000d7600000,0x00000000d7600000,0x00000000d7b00000)
 ParOldGen       total 87552K, used 869K [0x0000000080000000, 0x0000000085580000, 0x00000000d5580000)
  object space 87552K, 0% used [0x0000000080000000,0x00000000800d9670,0x0000000085580000)
 Metaspace       used 15535K, capacity 15844K, committed 16000K, reserved 1062912K
  class space    used 2194K, capacity 2312K, committed 2432K, reserved 1048576K
Event: 5.234 GC heap after
Heap after GC invocations=3 (full 0):
 PSYoungGen      total 38400K, used 5103K [0x00000000d5580000, 0x00000000d8000000, 0x0000000100000000)
  eden space 33280K, 0% used [0x00000000d5580000,0x00000000d5580000,0x00000000d7600000)
  from space 5120K, 99% used [0x00000000d7600000,0x00000000d7afbdc0,0x00000000d7b00000)
  to   space 5120K, 0% used [0x00000000d7b00000,0x00000000d7b00000,0x00000000d8000000)
 ParOldGen       total 87552K, used 3721K [0x0000000080000000, 0x0000000085580000, 0x00000000d5580000)
  object space 87552K, 4% used [0x0000000080000000,0x00000000803a2660,0x0000000085580000)
 Metaspace       used 15535K, capacity 15844K, committed 16000K, reserved 1062912K
  class space    used 2194K, capacity 2312K, committed 2432K, reserved 1048576K
}

Deoptimization events (10 events):
Event: 2.858 Thread 0x00000000045fe800 Uncommon trap: reason=unstable_if action=reinterpret pc=0x0000000004a1013c method=java.io.WinNTFileSystem.normalize(Ljava/lang/String;II)Ljava/lang/String; @ 90
Event: 4.117 Thread 0x000000001d886000 Uncommon trap: reason=bimorphic action=maybe_recompile pc=0x0000000004a97308 method=java.util.HashMap.putVal(ILjava/lang/Object;Ljava/lang/Object;ZZ)Ljava/lang/Object; @ 253
Event: 4.118 Thread 0x000000001d886000 Uncommon trap: reason=bimorphic action=maybe_recompile pc=0x0000000004a97308 method=java.util.HashMap.putVal(ILjava/lang/Object;Ljava/lang/Object;ZZ)Ljava/lang/Object; @ 253
Event: 4.118 Thread 0x000000001d886000 Uncommon trap: reason=bimorphic action=maybe_recompile pc=0x0000000004a97308 method=java.util.HashMap.putVal(ILjava/lang/Object;Ljava/lang/Object;ZZ)Ljava/lang/Object; @ 253
Event: 4.118 Thread 0x000000001d886000 Uncommon trap: reason=bimorphic action=maybe_recompile pc=0x0000000004a97308 method=java.util.HashMap.putVal(ILjava/lang/Object;Ljava/lang/Object;ZZ)Ljava/lang/Object; @ 253
Event: 4.510 Thread 0x000000001d886000 Uncommon trap: reason=bimorphic action=maybe_recompile pc=0x0000000004b5ed94 method=java.util.HashMap.putVal(ILjava/lang/Object;Ljava/lang/Object;ZZ)Ljava/lang/Object; @ 91
Event: 4.510 Thread 0x000000001d886000 Uncommon trap: reason=bimorphic action=maybe_recompile pc=0x0000000004b5ed94 method=java.util.HashMap.putVal(ILjava/lang/Object;Ljava/lang/Object;ZZ)Ljava/lang/Object; @ 91
Event: 4.688 Thread 0x000000001d886000 Uncommon trap: reason=class_check action=maybe_recompile pc=0x000000000498145c method=java.util.regex.Matcher.match(II)Z @ 86
Event: 4.688 Thread 0x000000001d886000 Uncommon trap: reason=class_check action=maybe_recompile pc=0x000000000498145c method=java.util.regex.Matcher.match(II)Z @ 86
Event: 4.870 Thread 0x000000001d886000 Uncommon trap: reason=unstable_if action=reinterpret pc=0x0000000004b727f4 method=java.lang.String.lastIndexOf([CII[CIII)I @ 66

Classes redefined (0 events):
No events

Internal exceptions (10 events):
Event: 3.998 Thread 0x000000001d8ae800 Exception <a 'java/lang/NoSuchMethodError': <clinit>> (0x00000000d70c2f40) thrown at [D:\src\AOSP-openjdk-cygwin\jdk8u\hotspot\src\share\vm\prims\jni.cpp, line 1613]
Event: 4.030 Thread 0x000000001d8ae800 Exception <a 'java/lang/NoSuchMethodError': <clinit>> (0x00000000d7141f60) thrown at [D:\src\AOSP-openjdk-cygwin\jdk8u\hotspot\src\share\vm\prims\jni.cpp, line 1613]
Event: 4.038 Thread 0x000000001d8ae800 Exception <a 'java/lang/NoSuchMethodError': <clinit>> (0x00000000d715c7c8) thrown at [D:\src\AOSP-openjdk-cygwin\jdk8u\hotspot\src\share\vm\prims\jni.cpp, line 1613]
Event: 4.045 Thread 0x000000001d8ae800 Exception <a 'java/lang/NoSuchMethodError': <clinit>> (0x00000000d717e220) thrown at [D:\src\AOSP-openjdk-cygwin\jdk8u\hotspot\src\share\vm\prims\jni.cpp, line 1613]
Event: 4.098 Thread 0x000000001d886000 Exception <a 'java/lang/NoSuchMethodError': <clinit>> (0x00000000d7287d78) thrown at [D:\src\AOSP-openjdk-cygwin\jdk8u\hotspot\src\share\vm\prims\jni.cpp, line 1613]
Event: 4.100 Thread 0x000000001d886000 Exception <a 'java/lang/NoSuchMethodError': <clinit>> (0x00000000d7290000) thrown at [D:\src\AOSP-openjdk-cygwin\jdk8u\hotspot\src\share\vm\prims\jni.cpp, line 1613]
Event: 5.716 Thread 0x000000001d886000 Exception <a 'java/lang/NoSuchMethodError': <clinit>> (0x00000000d5a6d408) thrown at [D:\src\AOSP-openjdk-cygwin\jdk8u\hotspot\src\share\vm\prims\jni.cpp, line 1613]
Event: 5.717 Thread 0x000000001d886000 Exception <a 'java/lang/NoSuchMethodError': <clinit>> (0x00000000d5a6fda8) thrown at [D:\src\AOSP-openjdk-cygwin\jdk8u\hotspot\src\share\vm\prims\jni.cpp, line 1613]
Event: 5.719 Thread 0x000000001d886000 Exception <a 'java/lang/NoSuchMethodError': <clinit>> (0x00000000d5a7d398) thrown at [D:\src\AOSP-openjdk-cygwin\jdk8u\hotspot\src\share\vm\prims\jni.cpp, line 1613]
Event: 5.721 Thread 0x000000001d886000 Exception <a 'java/lang/NoSuchMethodError': <clinit>> (0x00000000d5a88b38) thrown at [D:\src\AOSP-openjdk-cygwin\jdk8u\hotspot\src\share\vm\prims\jni.cpp, line 1613]

Events (10 events):
Event: 5.835 loading class org/gradle/cache/internal/DefaultMultiProcessSafePersistentIndexedCache$1
Event: 5.835 loading class org/gradle/cache/internal/DefaultMultiProcessSafePersistentIndexedCache$1 done
Event: 5.838 loading class org/gradle/cache/internal/btree/BTreePersistentIndexedCache$IndexEntry
Event: 5.838 loading class org/gradle/cache/internal/btree/BTreePersistentIndexedCache$IndexEntry done
Event: 5.840 loading class org/gradle/cache/internal/btree/BTreePersistentIndexedCache$Lookup
Event: 5.840 loading class org/gradle/cache/internal/btree/BTreePersistentIndexedCache$Lookup done
Event: 5.842 loading class org/gradle/api/internal/changedetection/state/CachingFileHasher$FileInfo
Event: 5.842 loading class org/gradle/api/internal/changedetection/state/CachingFileHasher$FileInfo done
Event: 5.843 loading class com/google/common/util/concurrent/Uninterruptibles
Event: 5.843 loading class com/google/common/util/concurrent/Uninterruptibles done


Dynamic libraries:
0x00007ff6dc410000 - 0x00007ff6dc441000 	C:\Program Files\Android\Android Studio\jre\bin\java.exe
0x00007ff901860000 - 0x00007ff901a40000 	C:\WINDOWS\SYSTEM32\ntdll.dll
0x00007ff901430000 - 0x00007ff9014de000 	C:\WINDOWS\System32\KERNEL32.DLL
0x00007ff8fdeb0000 - 0x00007ff8fe116000 	C:\WINDOWS\System32\KERNELBASE.dll
0x00007ff8fbb20000 - 0x00007ff8fbba8000 	C:\WINDOWS\SYSTEM32\apphelp.dll
0x00007ff900ae0000 - 0x00007ff900b81000 	C:\WINDOWS\System32\ADVAPI32.dll
0x00007ff900a40000 - 0x00007ff900add000 	C:\WINDOWS\System32\msvcrt.dll
0x00007ff900f80000 - 0x00007ff900fdb000 	C:\WINDOWS\System32\sechost.dll
0x00007ff900690000 - 0x00007ff9007af000 	C:\WINDOWS\System32\RPCRT4.dll
0x00007ff900dc0000 - 0x00007ff900f4f000 	C:\WINDOWS\System32\USER32.dll
0x00007ff8fe120000 - 0x00007ff8fe140000 	C:\WINDOWS\System32\win32u.dll
0x00007ff900f50000 - 0x00007ff900f78000 	C:\WINDOWS\System32\GDI32.dll
0x00007ff8fe890000 - 0x00007ff8fea23000 	C:\WINDOWS\System32\gdi32full.dll
0x00007ff8febe0000 - 0x00007ff8fec7b000 	C:\WINDOWS\System32\msvcp_win.dll
0x00007ff8feae0000 - 0x00007ff8febd6000 	C:\WINDOWS\System32\ucrtbase.dll
0x00007ff8f2d90000 - 0x00007ff8f2ff9000 	C:\WINDOWS\WinSxS\amd64_microsoft.windows.common-controls_6595b64144ccf1df_6.0.16299.192_none_15c8cdae9364c23b\COMCTL32.dll
0x00007ff9014e0000 - 0x00007ff9017e8000 	C:\WINDOWS\System32\combase.dll
0x00007ff8fde30000 - 0x00007ff8fdea2000 	C:\WINDOWS\System32\bcryptPrimitives.dll
0x00007ff901800000 - 0x00007ff90182d000 	C:\WINDOWS\System32\IMM32.DLL
0x000000005f790000 - 0x000000005f862000 	C:\Program Files\Android\Android Studio\jre\jre\bin\msvcr100.dll
0x000000005e480000 - 0x000000005ecbe000 	C:\Program Files\Android\Android Studio\jre\jre\bin\server\jvm.dll
0x00007ff9017f0000 - 0x00007ff9017f8000 	C:\WINDOWS\System32\PSAPI.DLL
0x00007ff8e5890000 - 0x00007ff8e5899000 	C:\WINDOWS\SYSTEM32\WSOCK32.dll
0x00007ff8f8980000 - 0x00007ff8f89a3000 	C:\WINDOWS\SYSTEM32\WINMM.dll
0x00007ff8f8850000 - 0x00007ff8f885a000 	C:\WINDOWS\SYSTEM32\VERSION.dll
0x00007ff9008c0000 - 0x00007ff90092c000 	C:\WINDOWS\System32\WS2_32.dll
0x00007ff8f8890000 - 0x00007ff8f88ba000 	C:\WINDOWS\SYSTEM32\winmmbase.dll
0x00007ff8fec80000 - 0x00007ff8fecca000 	C:\WINDOWS\System32\cfgmgr32.dll
0x00007ff8f24c0000 - 0x00007ff8f24cf000 	C:\Program Files\Android\Android Studio\jre\jre\bin\verify.dll
0x00007ff8e6c80000 - 0x00007ff8e6ca9000 	C:\Program Files\Android\Android Studio\jre\jre\bin\java.dll
0x00007ff8e92d0000 - 0x00007ff8e92e6000 	C:\Program Files\Android\Android Studio\jre\jre\bin\zip.dll
0x00007ff8fed30000 - 0x00007ff900166000 	C:\WINDOWS\System32\SHELL32.dll
0x00007ff900930000 - 0x00007ff9009d6000 	C:\WINDOWS\System32\shcore.dll
0x00007ff8fe140000 - 0x00007ff8fe887000 	C:\WINDOWS\System32\windows.storage.dll
0x00007ff9009e0000 - 0x00007ff900a31000 	C:\WINDOWS\System32\shlwapi.dll
0x00007ff8fdc20000 - 0x00007ff8fdc31000 	C:\WINDOWS\System32\kernel.appcore.dll
0x00007ff8fdbd0000 - 0x00007ff8fdc1c000 	C:\WINDOWS\System32\powrprof.dll
0x00007ff8fdc40000 - 0x00007ff8fdc5b000 	C:\WINDOWS\System32\profapi.dll
0x00007ff8e8e10000 - 0x00007ff8e8e2a000 	C:\Program Files\Android\Android Studio\jre\jre\bin\net.dll
0x00007ff8fd440000 - 0x00007ff8fd4a6000 	C:\WINDOWS\system32\mswsock.dll
0x00007ff8e6300000 - 0x00007ff8e6311000 	C:\Program Files\Android\Android Studio\jre\jre\bin\nio.dll
0x00007ff8e3b00000 - 0x00007ff8e3b1e000 	C:\Users\MSI SERI\.gradle\native\25\windows-amd64\native-platform.dll
0x00007ff8f24b0000 - 0x00007ff8f24bd000 	C:\Program Files\Android\Android Studio\jre\jre\bin\management.dll
0x00007ff8fd610000 - 0x00007ff8fd627000 	C:\WINDOWS\SYSTEM32\CRYPTSP.dll
0x00007ff8fd050000 - 0x00007ff8fd083000 	C:\WINDOWS\system32\rsaenh.dll
0x00007ff8fd710000 - 0x00007ff8fd735000 	C:\WINDOWS\SYSTEM32\bcrypt.dll
0x00007ff8fdae0000 - 0x00007ff8fdb09000 	C:\WINDOWS\SYSTEM32\USERENV.dll
0x00007ff8fd600000 - 0x00007ff8fd60b000 	C:\WINDOWS\SYSTEM32\CRYPTBASE.dll
0x00007ff8fd1d0000 - 0x00007ff8fd209000 	C:\WINDOWS\SYSTEM32\IPHLPAPI.DLL
0x00007ff900370000 - 0x00007ff900378000 	C:\WINDOWS\System32\NSI.dll
0x00007ff8f90b0000 - 0x00007ff8f90c6000 	C:\WINDOWS\SYSTEM32\dhcpcsvc6.DLL
0x00007ff8f95c0000 - 0x00007ff8f95da000 	C:\WINDOWS\SYSTEM32\dhcpcsvc.DLL

VM Arguments:
jvm_args: -XX:MaxPermSize=512m -XX:+HeapDumpOnOutOfMemoryError -Xmx2048m -Dfile.encoding=UTF-8 -Duser.country=US -Duser.language=en -Duser.variant 
java_command: org.gradle.launcher.daemon.bootstrap.GradleDaemon 4.1
java_class_path (initial): C:\Users\MSI SERI\.gradle\wrapper\dists\gradle-4.1-all\bzyivzo6n839fup2jbap0tjew\gradle-4.1\lib\gradle-launcher-4.1.jar
Launcher Type: SUN_STANDARD

Environment Variables:
PATH=C:\Program Files\Java\jdk-9.0.1\bin;C:\Program Files (x86)\NVIDIA Corporation\PhysX\Common;C:\Users\MSI SERI\AppData\Local\Microsoft\WindowsApps
USERNAME=MSI SERI
OS=Windows_NT
PROCESSOR_IDENTIFIER=Intel64 Family 6 Model 60 Stepping 3, GenuineIntel



---------------  S Y S T E M  ---------------

OS: Windows 10.0 , 64 bit Build 16299 (10.0.16299.15)

CPU:total 8 (initial active 8) (4 cores per cpu, 2 threads per core) family 6 model 60 stepping 3, cmov, cx8, fxsr, mmx, sse, sse2, sse3, ssse3, sse4.1, sse4.2, popcnt, avx, avx2, aes, clmul, erms, lzcnt, ht, tsc, tscinvbit, bmi1, bmi2

Memory: 4k page, physical 8306044k(981248k free), swap 12499372k(2848k free)

vm_info: OpenJDK 64-Bit Server VM (25.152-b01) for windows-amd64 JRE (1.8.0_152-release-915-b01), built by "builder" with MS VC++ 10.0 (VS2010)

time: Sun Feb 04 17:38:54 2018
elapsed time: 5 seconds (0d 0h 0m 5s)

