#
# There is insufficient memory for the Java Runtime Environment to continue.
# Native memory allocation (malloc) failed to allocate 1402928 bytes for Chunk::new
# Possible reasons:
#   The system is out of physical RAM or swap space
#   In 32 bit mode, the process size limit was hit
# Possible solutions:
#   Reduce memory load on the system
#   Increase physical memory or swap space
#   Check if swap backing store is full
#   Use 64 bit Java on a 64 bit OS
#   Decrease Java heap size (-Xmx/-Xms)
#   Decrease number of Java threads
#   Decrease Java thread stack sizes (-Xss)
#   Set larger code cache with -XX:ReservedCodeCacheSize=
# This output file may be truncated or incomplete.
#
#  Out of Memory Error (allocation.cpp:390), pid=12000, tid=0x0000000000000ce8
#
# JRE version: OpenJDK Runtime Environment (8.0_152-b01) (build 1.8.0_152-release-915-b01)
# Java VM: OpenJDK 64-Bit Server VM (25.152-b01 mixed mode windows-amd64 compressed oops)
# Failed to write core dump. Minidumps are not enabled by default on client versions of Windows
#

---------------  T H R E A D  ---------------

Current thread (0x000000001b9cc000):  JavaThread "C2 CompilerThread0" daemon [_thread_in_native, id=3304, stack(0x000000001c290000,0x000000001c390000)]

Stack: [0x000000001c290000,0x000000001c390000]
[error occurred during error reporting (printing stack bounds), id 0xc0000005]

Native frames: (J=compiled Java code, j=interpreted, Vv=VM code, C=native code)


Current CompileTask:
C2:   9110 1653       4       java.net.URLClassLoader$1::run (5 bytes)


---------------  P R O C E S S  ---------------

Java Threads: ( => current thread )
  0x000000001cd4e800 JavaThread "Cache worker for file hash cache (F:\android\OrderApp\.gradle\4.1\fileHashes)" [_thread_blocked, id=8792, stack(0x00000000205b0000,0x00000000206b0000)]
  0x000000001d8f9800 JavaThread "File lock request listener" [_thread_in_native, id=12504, stack(0x00000000202b0000,0x00000000203b0000)]
  0x000000001e13f800 JavaThread "Cache worker for file hash cache (C:\Users\MSI SERI\.gradle\caches\4.1\fileHashes)" [_thread_blocked, id=3520, stack(0x00000000201b0000,0x00000000202b0000)]
  0x000000001dc8f800 JavaThread "Stdin handler" [_thread_blocked, id=2000, stack(0x00000000200b0000,0x00000000201b0000)]
  0x000000001dc8c800 JavaThread "Asynchronous log dispatcher for DefaultDaemonConnection: socket connection from /127.0.0.1:51505 to /127.0.0.1:51506" [_thread_blocked, id=11008, stack(0x000000001feb0000,0x000000001ffb0000)]
  0x000000001dbc1800 JavaThread "Daemon worker" [_thread_in_vm, id=7640, stack(0x000000001fdb0000,0x000000001feb0000)]
  0x000000001dbbf800 JavaThread "Cancel handler" [_thread_blocked, id=2688, stack(0x000000001fcb0000,0x000000001fdb0000)]
  0x000000001d7b4800 JavaThread "Handler for socket connection from /127.0.0.1:51505 to /127.0.0.1:51506" [_thread_in_native, id=11852, stack(0x000000001f9b0000,0x000000001fab0000)]
  0x000000001d911000 JavaThread "Daemon" [_thread_blocked, id=4884, stack(0x000000001f8b0000,0x000000001f9b0000)]
  0x000000001d80f000 JavaThread "Daemon periodic checks" [_thread_blocked, id=4064, stack(0x000000001f7b0000,0x000000001f8b0000)]
  0x000000001d910000 JavaThread "Incoming local TCP Connector on port 51505" [_thread_in_native, id=11148, stack(0x000000001f570000,0x000000001f670000)]
  0x000000001ba0c000 JavaThread "Service Thread" daemon [_thread_blocked, id=8608, stack(0x000000001c690000,0x000000001c790000)]
  0x0000000019aca000 JavaThread "C1 CompilerThread3" daemon [_thread_blocked, id=3064, stack(0x000000001c590000,0x000000001c690000)]
  0x000000001b9d2800 JavaThread "C2 CompilerThread2" daemon [_thread_blocked, id=12200, stack(0x000000001c490000,0x000000001c590000)]
  0x000000001b9d1800 JavaThread "C2 CompilerThread1" daemon [_thread_in_native, id=12868, stack(0x000000001c390000,0x000000001c490000)]
=>0x000000001b9cc000 JavaThread "C2 CompilerThread0" daemon [_thread_in_native, id=3304, stack(0x000000001c290000,0x000000001c390000)]
  0x000000001b9ca800 JavaThread "Attach Listener" daemon [_thread_blocked, id=2996, stack(0x000000001c190000,0x000000001c290000)]
  0x000000001b9c9000 JavaThread "Signal Dispatcher" daemon [_thread_blocked, id=9016, stack(0x000000001c090000,0x000000001c190000)]
  0x000000001b9c0800 JavaThread "Finalizer" daemon [_thread_blocked, id=7840, stack(0x000000001bda0000,0x000000001bea0000)]
  0x0000000004a48800 JavaThread "Reference Handler" daemon [_thread_blocked, id=1268, stack(0x000000001b8a0000,0x000000001b9a0000)]
  0x000000000494e800 JavaThread "main" [_thread_blocked, id=7332, stack(0x00000000047f0000,0x00000000048f0000)]

Other Threads:
  0x0000000019ab5000 VMThread [stack: 0x000000001b7a0000,0x000000001b8a0000] [id=8420]
  0x000000001ba0d000 WatcherThread [stack: 0x000000001c790000,0x000000001c890000] [id=8256]

VM state:not at safepoint (normal execution)

VM Mutex/Monitor currently owned by a thread: None

Heap:
 PSYoungGen      total 38400K, used 33811K [0x00000000d5580000, 0x00000000d8000000, 0x0000000100000000)
  eden space 33280K, 86% used [0x00000000d5580000,0x00000000d7189208,0x00000000d7600000)
  from space 5120K, 99% used [0x00000000d7600000,0x00000000d7afbd60,0x00000000d7b00000)
  to   space 5120K, 0% used [0x00000000d7b00000,0x00000000d7b00000,0x00000000d8000000)
 ParOldGen       total 87552K, used 3688K [0x0000000080000000, 0x0000000085580000, 0x00000000d5580000)
  object space 87552K, 4% used [0x0000000080000000,0x000000008039a360,0x0000000085580000)
 Metaspace       used 20590K, capacity 20952K, committed 21248K, reserved 1067008K
  class space    used 2850K, capacity 3003K, committed 3072K, reserved 1048576K

Card table byte_map: [0x0000000013e10000,0x0000000014220000] byte_map_base: 0x0000000013a10000

Marking Bits: (ParMarkBitMap*) 0x000000005ec43950
 Begin Bits: [0x0000000014cd0000, 0x0000000016cd0000)
 End Bits:   [0x0000000016cd0000, 0x0000000018cd0000)

Polling page: 0x0000000002af0000

CodeCache: size=245760Kb used=5875Kb max_used=5887Kb free=239884Kb
 bounds [0x0000000004a50000, 0x0000000005020000, 0x0000000013a50000]
 total_blobs=2106 nmethods=1718 adapters=301
 compilation: enabled

Compilation events (10 events):
Event: 9.040 Thread 0x0000000019aca000 1752   !   3       org.codehaus.groovy.util.ReferenceManager$CallBackedManager::removeStallEntries (43 bytes)
Event: 9.041 Thread 0x0000000019aca000 nmethod 1752 0x000000000500f790 code [0x000000000500f960, 0x000000000500ffb8]
Event: 9.048 Thread 0x000000001b9d2800 1753       4       java.util.concurrent.ConcurrentHashMap::addCount (292 bytes)
Event: 9.054 Thread 0x0000000019aca000 1754       1       org.codehaus.groovy.runtime.metaclass.NewMetaMethod::getBytecodeParameterTypes (5 bytes)
Event: 9.054 Thread 0x0000000019aca000 nmethod 1754 0x0000000005010190 code [0x00000000050102e0, 0x00000000050103f0]
Event: 9.054 Thread 0x0000000019aca000 1755       1       org.codehaus.groovy.runtime.metaclass.NewInstanceMetaMethod::isStatic (2 bytes)
Event: 9.054 Thread 0x0000000019aca000 nmethod 1755 0x0000000005011950 code [0x0000000005011aa0, 0x0000000005011bb0]
Event: 9.054 Thread 0x0000000019aca000 1756       1       org.codehaus.groovy.runtime.metaclass.MetaClassRegistryImpl::access$400 (5 bytes)
Event: 9.054 Thread 0x0000000019aca000 nmethod 1756 0x0000000005013550 code [0x00000000050136a0, 0x0000000005013790]
Event: 9.054 Thread 0x000000001b9d2800 nmethod 1753 0x0000000005013810 code [0x0000000005013980, 0x0000000005013ba8]

GC Heap History (6 events):
Event: 1.807 GC heap before
{Heap before GC invocations=1 (full 0):
 PSYoungGen      total 38400K, used 33280K [0x00000000d5580000, 0x00000000d8000000, 0x0000000100000000)
  eden space 33280K, 100% used [0x00000000d5580000,0x00000000d7600000,0x00000000d7600000)
  from space 5120K, 0% used [0x00000000d7b00000,0x00000000d7b00000,0x00000000d8000000)
  to   space 5120K, 0% used [0x00000000d7600000,0x00000000d7600000,0x00000000d7b00000)
 ParOldGen       total 87552K, used 0K [0x0000000080000000, 0x0000000085580000, 0x00000000d5580000)
  object space 87552K, 0% used [0x0000000080000000,0x0000000080000000,0x0000000085580000)
 Metaspace       used 6583K, capacity 6766K, committed 7040K, reserved 1056768K
  class space    used 799K, capacity 875K, committed 896K, reserved 1048576K
Event: 1.819 GC heap after
Heap after GC invocations=1 (full 0):
 PSYoungGen      total 38400K, used 4016K [0x00000000d5580000, 0x00000000d8000000, 0x0000000100000000)
  eden space 33280K, 0% used [0x00000000d5580000,0x00000000d5580000,0x00000000d7600000)
  from space 5120K, 78% used [0x00000000d7600000,0x00000000d79ec2d0,0x00000000d7b00000)
  to   space 5120K, 0% used [0x00000000d7b00000,0x00000000d7b00000,0x00000000d8000000)
 ParOldGen       total 87552K, used 8K [0x0000000080000000, 0x0000000085580000, 0x00000000d5580000)
  object space 87552K, 0% used [0x0000000080000000,0x0000000080002000,0x0000000085580000)
 Metaspace       used 6583K, capacity 6766K, committed 7040K, reserved 1056768K
  class space    used 799K, capacity 875K, committed 896K, reserved 1048576K
}
Event: 4.799 GC heap before
{Heap before GC invocations=2 (full 0):
 PSYoungGen      total 38400K, used 37296K [0x00000000d5580000, 0x00000000d8000000, 0x0000000100000000)
  eden space 33280K, 100% used [0x00000000d5580000,0x00000000d7600000,0x00000000d7600000)
  from space 5120K, 78% used [0x00000000d7600000,0x00000000d79ec2d0,0x00000000d7b00000)
  to   space 5120K, 0% used [0x00000000d7b00000,0x00000000d7b00000,0x00000000d8000000)
 ParOldGen       total 87552K, used 8K [0x0000000080000000, 0x0000000085580000, 0x00000000d5580000)
  object space 87552K, 0% used [0x0000000080000000,0x0000000080002000,0x0000000085580000)
 Metaspace       used 12146K, capacity 12544K, committed 12800K, reserved 1060864K
  class space    used 1627K, capacity 1766K, committed 1792K, reserved 1048576K
Event: 4.816 GC heap after
Heap after GC invocations=2 (full 0):
 PSYoungGen      total 38400K, used 5117K [0x00000000d5580000, 0x00000000d8000000, 0x0000000100000000)
  eden space 33280K, 0% used [0x00000000d5580000,0x00000000d5580000,0x00000000d7600000)
  from space 5120K, 99% used [0x00000000d7b00000,0x00000000d7fff4f8,0x00000000d8000000)
  to   space 5120K, 0% used [0x00000000d7600000,0x00000000d7600000,0x00000000d7b00000)
 ParOldGen       total 87552K, used 858K [0x0000000080000000, 0x0000000085580000, 0x00000000d5580000)
  object space 87552K, 0% used [0x0000000080000000,0x00000000800d6b80,0x0000000085580000)
 Metaspace       used 12146K, capacity 12544K, committed 12800K, reserved 1060864K
  class space    used 1627K, capacity 1766K, committed 1792K, reserved 1048576K
}
Event: 6.339 GC heap before
{Heap before GC invocations=3 (full 0):
 PSYoungGen      total 38400K, used 38397K [0x00000000d5580000, 0x00000000d8000000, 0x0000000100000000)
  eden space 33280K, 100% used [0x00000000d5580000,0x00000000d7600000,0x00000000d7600000)
  from space 5120K, 99% used [0x00000000d7b00000,0x00000000d7fff4f8,0x00000000d8000000)
  to   space 5120K, 0% used [0x00000000d7600000,0x00000000d7600000,0x00000000d7b00000)
 ParOldGen       total 87552K, used 858K [0x0000000080000000, 0x0000000085580000, 0x00000000d5580000)
  object space 87552K, 0% used [0x0000000080000000,0x00000000800d6b80,0x0000000085580000)
 Metaspace       used 15471K, capacity 15844K, committed 16000K, reserved 1062912K
  class space    used 2192K, capacity 2312K, committed 2432K, reserved 1048576K
Event: 6.368 GC heap after
Heap after GC invocations=3 (full 0):
 PSYoungGen      total 38400K, used 5103K [0x00000000d5580000, 0x00000000d8000000, 0x0000000100000000)
  eden space 33280K, 0% used [0x00000000d5580000,0x00000000d5580000,0x00000000d7600000)
  from space 5120K, 99% used [0x00000000d7600000,0x00000000d7afbd60,0x00000000d7b00000)
  to   space 5120K, 0% used [0x00000000d7b00000,0x00000000d7b00000,0x00000000d8000000)
 ParOldGen       total 87552K, used 3688K [0x0000000080000000, 0x0000000085580000, 0x00000000d5580000)
  object space 87552K, 4% used [0x0000000080000000,0x000000008039a360,0x0000000085580000)
 Metaspace       used 15471K, capacity 15844K, committed 16000K, reserved 1062912K
  class space    used 2192K, capacity 2312K, committed 2432K, reserved 1048576K
}

Deoptimization events (10 events):
Event: 6.785 Thread 0x000000001dbc1800 Uncommon trap: reason=bimorphic action=maybe_recompile pc=0x0000000004ebf454 method=java.lang.ClassLoader.loadClass(Ljava/lang/String;Z)Ljava/lang/Class; @ 38
Event: 6.786 Thread 0x000000001dbc1800 Uncommon trap: reason=bimorphic action=maybe_recompile pc=0x0000000004ebf454 method=java.lang.ClassLoader.loadClass(Ljava/lang/String;Z)Ljava/lang/Class; @ 38
Event: 7.071 Thread 0x000000001dbc1800 Uncommon trap: reason=unstable_if action=reinterpret pc=0x0000000004d27408 method=java.lang.AbstractStringBuilder.append(Ljava/lang/String;)Ljava/lang/AbstractStringBuilder; @ 1
Event: 7.071 Thread 0x000000001dbc1800 Uncommon trap: reason=unstable_if action=reinterpret pc=0x0000000004c68180 method=java.lang.AbstractStringBuilder.append(Ljava/lang/String;)Ljava/lang/AbstractStringBuilder; @ 1
Event: 7.441 Thread 0x000000001dbc1800 Uncommon trap: reason=class_check action=maybe_recompile pc=0x0000000004c113a0 method=java.lang.String.equals(Ljava/lang/Object;)Z @ 8
Event: 7.441 Thread 0x000000001dbc1800 Uncommon trap: reason=class_check action=maybe_recompile pc=0x0000000004c113a0 method=java.lang.String.equals(Ljava/lang/Object;)Z @ 8
Event: 7.443 Thread 0x000000001dbc1800 Uncommon trap: reason=class_check action=maybe_recompile pc=0x0000000004c113a0 method=java.lang.String.equals(Ljava/lang/Object;)Z @ 8
Event: 7.443 Thread 0x000000001dbc1800 Uncommon trap: reason=class_check action=maybe_recompile pc=0x0000000004c113a0 method=java.lang.String.equals(Ljava/lang/Object;)Z @ 8
Event: 7.774 Thread 0x000000001dbc1800 Uncommon trap: reason=class_check action=maybe_recompile pc=0x0000000004c26f90 method=sun.misc.URLClassPath.getLoader(I)Lsun/misc/URLClassPath$Loader; @ 94
Event: 7.774 Thread 0x000000001dbc1800 Uncommon trap: reason=class_check action=maybe_recompile pc=0x0000000004fc7be4 method=sun.misc.URLClassPath.getResource(Ljava/lang/String;Z)Lsun/misc/Resource; @ 62

Classes redefined (0 events):
No events

Internal exceptions (10 events):
Event: 6.848 Thread 0x000000001dbc1800 Exception <a 'java/lang/NoSuchMethodError': <clinit>> (0x00000000d5e611c8) thrown at [D:\src\AOSP-openjdk-cygwin\jdk8u\hotspot\src\share\vm\prims\jni.cpp, line 1613]
Event: 6.856 Thread 0x000000001dbc1800 Exception <a 'java/lang/NoSuchMethodError': <clinit>> (0x00000000d5e78488) thrown at [D:\src\AOSP-openjdk-cygwin\jdk8u\hotspot\src\share\vm\prims\jni.cpp, line 1613]
Event: 6.858 Thread 0x000000001dbc1800 Exception <a 'java/lang/NoSuchMethodError': <clinit>> (0x00000000d5e838c0) thrown at [D:\src\AOSP-openjdk-cygwin\jdk8u\hotspot\src\share\vm\prims\jni.cpp, line 1613]
Event: 6.860 Thread 0x000000001dbc1800 Exception <a 'java/lang/NoSuchMethodError': <clinit>> (0x00000000d5e8ce68) thrown at [D:\src\AOSP-openjdk-cygwin\jdk8u\hotspot\src\share\vm\prims\jni.cpp, line 1613]
Event: 6.864 Thread 0x000000001dbc1800 Exception <a 'java/lang/NoSuchMethodError': <clinit>> (0x00000000d5e97b78) thrown at [D:\src\AOSP-openjdk-cygwin\jdk8u\hotspot\src\share\vm\prims\jni.cpp, line 1613]
Event: 6.878 Thread 0x000000001dbc1800 Exception <a 'java/lang/NoSuchMethodError': <clinit>> (0x00000000d5eeb6b0) thrown at [D:\src\AOSP-openjdk-cygwin\jdk8u\hotspot\src\share\vm\prims\jni.cpp, line 1613]
Event: 6.879 Thread 0x000000001dbc1800 Exception <a 'java/lang/NoSuchMethodError': <clinit>> (0x00000000d5eef370) thrown at [D:\src\AOSP-openjdk-cygwin\jdk8u\hotspot\src\share\vm\prims\jni.cpp, line 1613]
Event: 6.879 Thread 0x000000001dbc1800 Exception <a 'java/lang/NoSuchMethodError': <clinit>> (0x00000000d5ef0e78) thrown at [D:\src\AOSP-openjdk-cygwin\jdk8u\hotspot\src\share\vm\prims\jni.cpp, line 1613]
Event: 7.071 Thread 0x000000001dbc1800 Implicit null exception at 0x0000000004d27056 to 0x0000000004d273f1
Event: 7.071 Thread 0x000000001dbc1800 Implicit null exception at 0x0000000004c67dd6 to 0x0000000004c68169

Events (10 events):
Event: 9.082 loading class groovy/lang/MetaClassImpl$MethodIndexAction
Event: 9.082 loading class groovy/lang/MetaClassImpl$MethodIndexAction done
Event: 9.083 loading class groovy/lang/MetaClassImpl$2
Event: 9.083 loading class groovy/lang/MetaClassImpl$2 done
Event: 9.084 loading class groovy/lang/MetaBeanProperty
Event: 9.084 loading class groovy/lang/MetaBeanProperty done
Event: 9.085 loading class org/codehaus/groovy/control/CompilationUnit$ClassgenCallback
Event: 9.085 loading class org/codehaus/groovy/control/CompilationUnit$ClassgenCallback done
Event: 9.103 loading class groovy/lang/MetaClassImpl$13
Event: 9.103 loading class groovy/lang/MetaClassImpl$13 done


Dynamic libraries:
0x00007ff6dc410000 - 0x00007ff6dc441000 	C:\Program Files\Android\Android Studio\jre\bin\java.exe
0x00007ff901860000 - 0x00007ff901a40000 	C:\WINDOWS\SYSTEM32\ntdll.dll
0x00007ff901430000 - 0x00007ff9014de000 	C:\WINDOWS\System32\KERNEL32.DLL
0x00007ff8fdeb0000 - 0x00007ff8fe116000 	C:\WINDOWS\System32\KERNELBASE.dll
0x00007ff8fbb20000 - 0x00007ff8fbba8000 	C:\WINDOWS\SYSTEM32\apphelp.dll
0x00007ff900ae0000 - 0x00007ff900b81000 	C:\WINDOWS\System32\ADVAPI32.dll
0x00007ff900a40000 - 0x00007ff900add000 	C:\WINDOWS\System32\msvcrt.dll
0x00007ff900f80000 - 0x00007ff900fdb000 	C:\WINDOWS\System32\sechost.dll
0x00007ff900690000 - 0x00007ff9007af000 	C:\WINDOWS\System32\RPCRT4.dll
0x00007ff900dc0000 - 0x00007ff900f4f000 	C:\WINDOWS\System32\USER32.dll
0x00007ff8fe120000 - 0x00007ff8fe140000 	C:\WINDOWS\System32\win32u.dll
0x00007ff900f50000 - 0x00007ff900f78000 	C:\WINDOWS\System32\GDI32.dll
0x00007ff8fe890000 - 0x00007ff8fea23000 	C:\WINDOWS\System32\gdi32full.dll
0x00007ff8febe0000 - 0x00007ff8fec7b000 	C:\WINDOWS\System32\msvcp_win.dll
0x00007ff8feae0000 - 0x00007ff8febd6000 	C:\WINDOWS\System32\ucrtbase.dll
0x00007ff8f2d90000 - 0x00007ff8f2ff9000 	C:\WINDOWS\WinSxS\amd64_microsoft.windows.common-controls_6595b64144ccf1df_6.0.16299.192_none_15c8cdae9364c23b\COMCTL32.dll
0x00007ff9014e0000 - 0x00007ff9017e8000 	C:\WINDOWS\System32\combase.dll
0x00007ff8fde30000 - 0x00007ff8fdea2000 	C:\WINDOWS\System32\bcryptPrimitives.dll
0x00007ff901800000 - 0x00007ff90182d000 	C:\WINDOWS\System32\IMM32.DLL
0x000000005f790000 - 0x000000005f862000 	C:\Program Files\Android\Android Studio\jre\jre\bin\msvcr100.dll
0x000000005e480000 - 0x000000005ecbe000 	C:\Program Files\Android\Android Studio\jre\jre\bin\server\jvm.dll
0x00007ff9017f0000 - 0x00007ff9017f8000 	C:\WINDOWS\System32\PSAPI.DLL
0x00007ff8e5890000 - 0x00007ff8e5899000 	C:\WINDOWS\SYSTEM32\WSOCK32.dll
0x00007ff8f8980000 - 0x00007ff8f89a3000 	C:\WINDOWS\SYSTEM32\WINMM.dll
0x00007ff8f8850000 - 0x00007ff8f885a000 	C:\WINDOWS\SYSTEM32\VERSION.dll
0x00007ff9008c0000 - 0x00007ff90092c000 	C:\WINDOWS\System32\WS2_32.dll
0x00007ff8f8890000 - 0x00007ff8f88ba000 	C:\WINDOWS\SYSTEM32\WINMMBASE.dll
0x00007ff8fec80000 - 0x00007ff8fecca000 	C:\WINDOWS\System32\cfgmgr32.dll
0x00007ff8f24c0000 - 0x00007ff8f24cf000 	C:\Program Files\Android\Android Studio\jre\jre\bin\verify.dll
0x00007ff8e6c80000 - 0x00007ff8e6ca9000 	C:\Program Files\Android\Android Studio\jre\jre\bin\java.dll
0x00007ff8e92d0000 - 0x00007ff8e92e6000 	C:\Program Files\Android\Android Studio\jre\jre\bin\zip.dll
0x00007ff8fed30000 - 0x00007ff900166000 	C:\WINDOWS\System32\SHELL32.dll
0x00007ff900930000 - 0x00007ff9009d6000 	C:\WINDOWS\System32\shcore.dll
0x00007ff8fe140000 - 0x00007ff8fe887000 	C:\WINDOWS\System32\windows.storage.dll
0x00007ff9009e0000 - 0x00007ff900a31000 	C:\WINDOWS\System32\shlwapi.dll
0x00007ff8fdc20000 - 0x00007ff8fdc31000 	C:\WINDOWS\System32\kernel.appcore.dll
0x00007ff8fdbd0000 - 0x00007ff8fdc1c000 	C:\WINDOWS\System32\powrprof.dll
0x00007ff8fdc40000 - 0x00007ff8fdc5b000 	C:\WINDOWS\System32\profapi.dll
0x00007ff8e8e10000 - 0x00007ff8e8e2a000 	C:\Program Files\Android\Android Studio\jre\jre\bin\net.dll
0x00007ff8fd440000 - 0x00007ff8fd4a6000 	C:\WINDOWS\system32\mswsock.dll
0x00007ff8e6300000 - 0x00007ff8e6311000 	C:\Program Files\Android\Android Studio\jre\jre\bin\nio.dll
0x00007ff8e3b00000 - 0x00007ff8e3b1e000 	C:\Users\MSI SERI\.gradle\native\25\windows-amd64\native-platform.dll
0x00007ff8f24b0000 - 0x00007ff8f24bd000 	C:\Program Files\Android\Android Studio\jre\jre\bin\management.dll
0x00007ff8fd610000 - 0x00007ff8fd627000 	C:\WINDOWS\SYSTEM32\CRYPTSP.dll
0x00007ff8fd050000 - 0x00007ff8fd083000 	C:\WINDOWS\system32\rsaenh.dll
0x00007ff8fd710000 - 0x00007ff8fd735000 	C:\WINDOWS\SYSTEM32\bcrypt.dll
0x00007ff8fdae0000 - 0x00007ff8fdb09000 	C:\WINDOWS\SYSTEM32\USERENV.dll
0x00007ff8fd600000 - 0x00007ff8fd60b000 	C:\WINDOWS\SYSTEM32\CRYPTBASE.dll
0x00007ff8fd1d0000 - 0x00007ff8fd209000 	C:\WINDOWS\SYSTEM32\IPHLPAPI.DLL
0x00007ff900370000 - 0x00007ff900378000 	C:\WINDOWS\System32\NSI.dll
0x00007ff8f90b0000 - 0x00007ff8f90c6000 	C:\WINDOWS\SYSTEM32\dhcpcsvc6.DLL
0x00007ff8f95c0000 - 0x00007ff8f95da000 	C:\WINDOWS\SYSTEM32\dhcpcsvc.DLL

VM Arguments:
jvm_args: -XX:MaxPermSize=512m -XX:+HeapDumpOnOutOfMemoryError -Xmx2048m -Dfile.encoding=UTF-8 -Duser.country=US -Duser.language=en -Duser.variant 
java_command: org.gradle.launcher.daemon.bootstrap.GradleDaemon 4.1
java_class_path (initial): C:\Users\MSI SERI\.gradle\wrapper\dists\gradle-4.1-all\bzyivzo6n839fup2jbap0tjew\gradle-4.1\lib\gradle-launcher-4.1.jar
Launcher Type: SUN_STANDARD

Environment Variables:
PATH=C:\Program Files\Java\jdk-9.0.1\bin;C:\Program Files (x86)\NVIDIA Corporation\PhysX\Common;C:\Users\MSI SERI\AppData\Local\Microsoft\WindowsApps
USERNAME=MSI SERI
OS=Windows_NT
PROCESSOR_IDENTIFIER=Intel64 Family 6 Model 60 Stepping 3, GenuineIntel



---------------  S Y S T E M  ---------------

OS: Windows 10.0 , 64 bit Build 16299 (10.0.16299.15)

CPU:total 8 (initial active 8) (4 cores per cpu, 2 threads per core) family 6 model 60 stepping 3, cmov, cx8, fxsr, mmx, sse, sse2, sse3, ssse3, sse4.1, sse4.2, popcnt, avx, avx2, aes, clmul, erms, lzcnt, ht, tsc, tscinvbit, bmi1, bmi2

Memory: 4k page, physical 8306044k(1334080k free), swap 12499372k(5520k free)

vm_info: OpenJDK 64-Bit Server VM (25.152-b01) for windows-amd64 JRE (1.8.0_152-release-915-b01), built by "builder" with MS VC++ 10.0 (VS2010)

time: Sun Feb 04 17:40:12 2018
elapsed time: 9 seconds (0d 0h 0m 9s)

