#
# There is insufficient memory for the Java Runtime Environment to continue.
# Native memory allocation (malloc) failed to allocate 1599264 bytes for Chunk::new
# Possible reasons:
#   The system is out of physical RAM or swap space
#   In 32 bit mode, the process size limit was hit
# Possible solutions:
#   Reduce memory load on the system
#   Increase physical memory or swap space
#   Check if swap backing store is full
#   Use 64 bit Java on a 64 bit OS
#   Decrease Java heap size (-Xmx/-Xms)
#   Decrease number of Java threads
#   Decrease Java thread stack sizes (-Xss)
#   Set larger code cache with -XX:ReservedCodeCacheSize=
# This output file may be truncated or incomplete.
#
#  Out of Memory Error (allocation.cpp:390), pid=2244, tid=0x0000000000001de0
#
# JRE version: OpenJDK Runtime Environment (8.0_152-b01) (build 1.8.0_152-release-915-b01)
# Java VM: OpenJDK 64-Bit Server VM (25.152-b01 mixed mode windows-amd64 compressed oops)
# Failed to write core dump. Minidumps are not enabled by default on client versions of Windows
#

---------------  T H R E A D  ---------------

Current thread (0x000000001ba77800):  JavaThread "C2 CompilerThread0" daemon [_thread_in_native, id=7648, stack(0x000000001c340000,0x000000001c440000)]

Stack: [0x000000001c340000,0x000000001c440000]
[error occurred during error reporting (printing stack bounds), id 0xc0000005]

Native frames: (J=compiled Java code, j=interpreted, Vv=VM code, C=native code)


Current CompileTask:
C2:   4958 1311       4       java.net.URLClassLoader$1::run (5 bytes)


---------------  P R O C E S S  ---------------

Java Threads: ( => current thread )
  0x000000001e411000 JavaThread "Cache worker for file hash cache (F:\android\OrderApp\.gradle\4.1\fileHashes)" [_thread_blocked, id=11468, stack(0x0000000020660000,0x0000000020760000)]
  0x000000001e1e2800 JavaThread "File lock request listener" [_thread_in_native, id=11556, stack(0x0000000020360000,0x0000000020460000)]
  0x000000001e088800 JavaThread "Cache worker for file hash cache (C:\Users\MSI SERI\.gradle\caches\4.1\fileHashes)" [_thread_in_vm, id=7872, stack(0x0000000020260000,0x0000000020360000)]
  0x000000001d98d000 JavaThread "Stdin handler" [_thread_blocked, id=10520, stack(0x0000000020160000,0x0000000020260000)]
  0x000000001d98c800 JavaThread "Asynchronous log dispatcher for DefaultDaemonConnection: socket connection from /127.0.0.1:51511 to /127.0.0.1:51512" [_thread_blocked, id=4636, stack(0x000000001ff60000,0x0000000020060000)]
  0x000000001d986800 JavaThread "Daemon worker" [_thread_blocked, id=2844, stack(0x000000001fe60000,0x000000001ff60000)]
  0x000000001d99f800 JavaThread "Cancel handler" [_thread_blocked, id=12724, stack(0x000000001fd60000,0x000000001fe60000)]
  0x000000001dd4a000 JavaThread "Handler for socket connection from /127.0.0.1:51511 to /127.0.0.1:51512" [_thread_in_native, id=11032, stack(0x000000001fa60000,0x000000001fb60000)]
  0x000000001dd49000 JavaThread "Daemon" [_thread_blocked, id=6840, stack(0x000000001f960000,0x000000001fa60000)]
  0x000000001d717800 JavaThread "Daemon periodic checks" [_thread_blocked, id=12616, stack(0x000000001f860000,0x000000001f960000)]
  0x000000001de5c000 JavaThread "Incoming local TCP Connector on port 51511" [_thread_in_native, id=2172, stack(0x000000001f620000,0x000000001f720000)]
  0x000000001bb1a000 JavaThread "Service Thread" daemon [_thread_blocked, id=3804, stack(0x000000001c740000,0x000000001c840000)]
  0x0000000019b6a000 JavaThread "C1 CompilerThread3" daemon [_thread_blocked, id=6388, stack(0x000000001c640000,0x000000001c740000)]
  0x000000001ba7e000 JavaThread "C2 CompilerThread2" daemon [_thread_in_native, id=4516, stack(0x000000001c540000,0x000000001c640000)]
  0x000000001ba7d800 JavaThread "C2 CompilerThread1" daemon [_thread_in_native, id=2304, stack(0x000000001c440000,0x000000001c540000)]
=>0x000000001ba77800 JavaThread "C2 CompilerThread0" daemon [_thread_in_native, id=7648, stack(0x000000001c340000,0x000000001c440000)]
  0x000000001ba86800 JavaThread "Attach Listener" daemon [_thread_blocked, id=5232, stack(0x000000001c240000,0x000000001c340000)]
  0x000000001ba85000 JavaThread "Signal Dispatcher" daemon [_thread_blocked, id=9468, stack(0x000000001c140000,0x000000001c240000)]
  0x000000001ba70800 JavaThread "Finalizer" daemon [_thread_blocked, id=7372, stack(0x000000001be50000,0x000000001bf50000)]
  0x0000000004ae8800 JavaThread "Reference Handler" daemon [_thread_blocked, id=6276, stack(0x000000001b950000,0x000000001ba50000)]
  0x0000000002c4e800 JavaThread "main" [_thread_blocked, id=3840, stack(0x0000000004850000,0x0000000004950000)]

Other Threads:
  0x0000000019b55000 VMThread [stack: 0x000000001b850000,0x000000001b950000] [id=13012]
  0x000000001bad5800 WatcherThread [stack: 0x000000001c840000,0x000000001c940000] [id=10360]

VM state:not at safepoint (normal execution)

VM Mutex/Monitor currently owned by a thread: None

Heap:
 PSYoungGen      total 38400K, used 12532K [0x00000000d5580000, 0x00000000da080000, 0x0000000100000000)
  eden space 33280K, 22% used [0x00000000d5580000,0x00000000d5cbe538,0x00000000d7600000)
  from space 5120K, 99% used [0x00000000d7600000,0x00000000d7afeb10,0x00000000d7b00000)
  to   space 5120K, 0% used [0x00000000d9b80000,0x00000000d9b80000,0x00000000da080000)
 ParOldGen       total 87552K, used 3736K [0x0000000080000000, 0x0000000085580000, 0x00000000d5580000)
  object space 87552K, 4% used [0x0000000080000000,0x00000000803a6120,0x0000000085580000)
 Metaspace       used 16394K, capacity 16796K, committed 17152K, reserved 1064960K
  class space    used 2338K, capacity 2476K, committed 2560K, reserved 1048576K

Card table byte_map: [0x0000000013eb0000,0x00000000142c0000] byte_map_base: 0x0000000013ab0000

Marking Bits: (ParMarkBitMap*) 0x000000005ec43950
 Begin Bits: [0x0000000014d70000, 0x0000000016d70000)
 End Bits:   [0x0000000016d70000, 0x0000000018d70000)

Polling page: 0x0000000002c20000

CodeCache: size=245760Kb used=5097Kb max_used=5097Kb free=240662Kb
 bounds [0x0000000004af0000, 0x0000000004ff0000, 0x0000000013af0000]
 total_blobs=1872 nmethods=1499 adapters=287
 compilation: enabled

Compilation events (10 events):
Event: 4.902 Thread 0x0000000019b6a000 nmethod 1501 0x0000000004fe7590 code [0x0000000004fe7720, 0x0000000004fe7a78]
Event: 4.902 Thread 0x0000000019b6a000 1498       3       sun.reflect.ReflectionFactory::copyConstructor (10 bytes)
Event: 4.903 Thread 0x0000000019b6a000 nmethod 1498 0x0000000004fe6e50 code [0x0000000004fe6fe0, 0x0000000004fe73c8]
Event: 4.903 Thread 0x0000000019b6a000 1500       3       sun.security.provider.ByteArrayAccess::b2iBig64 (614 bytes)
Event: 4.905 Thread 0x0000000019b6a000 nmethod 1500 0x0000000004feca10 code [0x0000000004fecc20, 0x0000000004fed9e8]
Event: 4.905 Thread 0x0000000019b6a000 1499       3       java.lang.reflect.ReflectAccess::copyConstructor (5 bytes)
Event: 4.905 Thread 0x0000000019b6a000 nmethod 1499 0x0000000004fe6a10 code [0x0000000004fe6b80, 0x0000000004fe6d88]
Event: 4.905 Thread 0x0000000019b6a000 1502       1       java.io.ObjectStreamClass$FieldReflectorKey::hashCode (5 bytes)
Event: 4.905 Thread 0x0000000019b6a000 nmethod 1502 0x0000000004fe4150 code [0x0000000004fe42a0, 0x0000000004fe43b0]
Event: 4.936 Thread 0x000000001ba7d800 1503   !   4       java.util.zip.InflaterInputStream::read (138 bytes)

GC Heap History (6 events):
Event: 1.727 GC heap before
{Heap before GC invocations=1 (full 0):
 PSYoungGen      total 38400K, used 33280K [0x00000000d5580000, 0x00000000d8000000, 0x0000000100000000)
  eden space 33280K, 100% used [0x00000000d5580000,0x00000000d7600000,0x00000000d7600000)
  from space 5120K, 0% used [0x00000000d7b00000,0x00000000d7b00000,0x00000000d8000000)
  to   space 5120K, 0% used [0x00000000d7600000,0x00000000d7600000,0x00000000d7b00000)
 ParOldGen       total 87552K, used 0K [0x0000000080000000, 0x0000000085580000, 0x00000000d5580000)
  object space 87552K, 0% used [0x0000000080000000,0x0000000080000000,0x0000000085580000)
 Metaspace       used 6586K, capacity 6766K, committed 7040K, reserved 1056768K
  class space    used 799K, capacity 875K, committed 896K, reserved 1048576K
Event: 1.740 GC heap after
Heap after GC invocations=1 (full 0):
 PSYoungGen      total 38400K, used 3947K [0x00000000d5580000, 0x00000000d8000000, 0x0000000100000000)
  eden space 33280K, 0% used [0x00000000d5580000,0x00000000d5580000,0x00000000d7600000)
  from space 5120K, 77% used [0x00000000d7600000,0x00000000d79daca8,0x00000000d7b00000)
  to   space 5120K, 0% used [0x00000000d7b00000,0x00000000d7b00000,0x00000000d8000000)
 ParOldGen       total 87552K, used 8K [0x0000000080000000, 0x0000000085580000, 0x00000000d5580000)
  object space 87552K, 0% used [0x0000000080000000,0x0000000080002000,0x0000000085580000)
 Metaspace       used 6586K, capacity 6766K, committed 7040K, reserved 1056768K
  class space    used 799K, capacity 875K, committed 896K, reserved 1048576K
}
Event: 3.628 GC heap before
{Heap before GC invocations=2 (full 0):
 PSYoungGen      total 38400K, used 37227K [0x00000000d5580000, 0x00000000d8000000, 0x0000000100000000)
  eden space 33280K, 100% used [0x00000000d5580000,0x00000000d7600000,0x00000000d7600000)
  from space 5120K, 77% used [0x00000000d7600000,0x00000000d79daca8,0x00000000d7b00000)
  to   space 5120K, 0% used [0x00000000d7b00000,0x00000000d7b00000,0x00000000d8000000)
 ParOldGen       total 87552K, used 8K [0x0000000080000000, 0x0000000085580000, 0x00000000d5580000)
  object space 87552K, 0% used [0x0000000080000000,0x0000000080002000,0x0000000085580000)
 Metaspace       used 12192K, capacity 12544K, committed 12800K, reserved 1060864K
  class space    used 1631K, capacity 1766K, committed 1792K, reserved 1048576K
Event: 3.635 GC heap after
Heap after GC invocations=2 (full 0):
 PSYoungGen      total 38400K, used 5114K [0x00000000d5580000, 0x00000000d8000000, 0x0000000100000000)
  eden space 33280K, 0% used [0x00000000d5580000,0x00000000d5580000,0x00000000d7600000)
  from space 5120K, 99% used [0x00000000d7b00000,0x00000000d7ffe998,0x00000000d8000000)
  to   space 5120K, 0% used [0x00000000d7600000,0x00000000d7600000,0x00000000d7b00000)
 ParOldGen       total 87552K, used 918K [0x0000000080000000, 0x0000000085580000, 0x00000000d5580000)
  object space 87552K, 1% used [0x0000000080000000,0x00000000800e5920,0x0000000085580000)
 Metaspace       used 12192K, capacity 12544K, committed 12800K, reserved 1060864K
  class space    used 1631K, capacity 1766K, committed 1792K, reserved 1048576K
}
Event: 4.669 GC heap before
{Heap before GC invocations=3 (full 0):
 PSYoungGen      total 38400K, used 38394K [0x00000000d5580000, 0x00000000d8000000, 0x0000000100000000)
  eden space 33280K, 100% used [0x00000000d5580000,0x00000000d7600000,0x00000000d7600000)
  from space 5120K, 99% used [0x00000000d7b00000,0x00000000d7ffe998,0x00000000d8000000)
  to   space 5120K, 0% used [0x00000000d7600000,0x00000000d7600000,0x00000000d7b00000)
 ParOldGen       total 87552K, used 918K [0x0000000080000000, 0x0000000085580000, 0x00000000d5580000)
  object space 87552K, 1% used [0x0000000080000000,0x00000000800e5920,0x0000000085580000)
 Metaspace       used 15555K, capacity 15908K, committed 16256K, reserved 1062912K
  class space    used 2197K, capacity 2312K, committed 2432K, reserved 1048576K
Event: 4.696 GC heap after
Heap after GC invocations=3 (full 0):
 PSYoungGen      total 38400K, used 5114K [0x00000000d5580000, 0x00000000da080000, 0x0000000100000000)
  eden space 33280K, 0% used [0x00000000d5580000,0x00000000d5580000,0x00000000d7600000)
  from space 5120K, 99% used [0x00000000d7600000,0x00000000d7afeb10,0x00000000d7b00000)
  to   space 5120K, 0% used [0x00000000d9b80000,0x00000000d9b80000,0x00000000da080000)
 ParOldGen       total 87552K, used 3736K [0x0000000080000000, 0x0000000085580000, 0x00000000d5580000)
  object space 87552K, 4% used [0x0000000080000000,0x00000000803a6120,0x0000000085580000)
 Metaspace       used 15555K, capacity 15908K, committed 16256K, reserved 1062912K
  class space    used 2197K, capacity 2312K, committed 2432K, reserved 1048576K
}

Deoptimization events (10 events):
Event: 2.079 Thread 0x0000000002c4e800 Uncommon trap: reason=unstable_if action=reinterpret pc=0x0000000004d6c974 method=java.util.HashMap.getNode(ILjava/lang/Object;)Ljava/util/HashMap$Node; @ 62
Event: 2.438 Thread 0x0000000002c4e800 Uncommon trap: reason=bimorphic action=maybe_recompile pc=0x0000000004e12d74 method=java.util.HashMap.putVal(ILjava/lang/Object;Ljava/lang/Object;ZZ)Ljava/lang/Object; @ 203
Event: 2.638 Thread 0x0000000002c4e800 Uncommon trap: reason=unstable_if action=reinterpret pc=0x0000000004e5aa70 method=java.io.WinNTFileSystem.normalize(Ljava/lang/String;)Ljava/lang/String; @ 128
Event: 2.638 Thread 0x0000000002c4e800 Uncommon trap: reason=unstable_if action=reinterpret pc=0x0000000004dfa620 method=java.io.WinNTFileSystem.normalize(Ljava/lang/String;II)Ljava/lang/String; @ 90
Event: 3.587 Thread 0x000000001d986800 Uncommon trap: reason=bimorphic action=maybe_recompile pc=0x0000000004e126d4 method=java.util.HashMap.putVal(ILjava/lang/Object;Ljava/lang/Object;ZZ)Ljava/lang/Object; @ 253
Event: 3.587 Thread 0x000000001d986800 Uncommon trap: reason=bimorphic action=maybe_recompile pc=0x0000000004e126d4 method=java.util.HashMap.putVal(ILjava/lang/Object;Ljava/lang/Object;ZZ)Ljava/lang/Object; @ 253
Event: 3.587 Thread 0x000000001d986800 Uncommon trap: reason=bimorphic action=maybe_recompile pc=0x0000000004e126d4 method=java.util.HashMap.putVal(ILjava/lang/Object;Ljava/lang/Object;ZZ)Ljava/lang/Object; @ 253
Event: 3.934 Thread 0x000000001d986800 Uncommon trap: reason=class_check action=maybe_recompile pc=0x0000000004d6d99c method=java.util.regex.Matcher.match(II)Z @ 86
Event: 3.934 Thread 0x000000001d986800 Uncommon trap: reason=class_check action=maybe_recompile pc=0x0000000004d6d99c method=java.util.regex.Matcher.match(II)Z @ 86
Event: 4.033 Thread 0x000000001d986800 Uncommon trap: reason=unstable_if action=reinterpret pc=0x0000000004f4e2f4 method=java.lang.String.lastIndexOf([CII[CIII)I @ 66

Classes redefined (0 events):
No events

Internal exceptions (10 events):
Event: 3.523 Thread 0x000000001dd4a000 Exception <a 'java/lang/NoSuchMethodError': <clinit>> (0x00000000d70bc1b8) thrown at [D:\src\AOSP-openjdk-cygwin\jdk8u\hotspot\src\share\vm\prims\jni.cpp, line 1613]
Event: 3.538 Thread 0x000000001dd4a000 Exception <a 'java/lang/NoSuchMethodError': <clinit>> (0x00000000d713b0f8) thrown at [D:\src\AOSP-openjdk-cygwin\jdk8u\hotspot\src\share\vm\prims\jni.cpp, line 1613]
Event: 3.543 Thread 0x000000001dd4a000 Exception <a 'java/lang/NoSuchMethodError': <clinit>> (0x00000000d7155960) thrown at [D:\src\AOSP-openjdk-cygwin\jdk8u\hotspot\src\share\vm\prims\jni.cpp, line 1613]
Event: 3.548 Thread 0x000000001dd4a000 Exception <a 'java/lang/NoSuchMethodError': <clinit>> (0x00000000d71773b8) thrown at [D:\src\AOSP-openjdk-cygwin\jdk8u\hotspot\src\share\vm\prims\jni.cpp, line 1613]
Event: 3.576 Thread 0x000000001d986800 Exception <a 'java/lang/NoSuchMethodError': <clinit>> (0x00000000d7280fe8) thrown at [D:\src\AOSP-openjdk-cygwin\jdk8u\hotspot\src\share\vm\prims\jni.cpp, line 1613]
Event: 3.577 Thread 0x000000001d986800 Exception <a 'java/lang/NoSuchMethodError': <clinit>> (0x00000000d7289270) thrown at [D:\src\AOSP-openjdk-cygwin\jdk8u\hotspot\src\share\vm\prims\jni.cpp, line 1613]
Event: 4.901 Thread 0x000000001d986800 Exception <a 'java/lang/NoSuchMethodError': <clinit>> (0x00000000d5a5e950) thrown at [D:\src\AOSP-openjdk-cygwin\jdk8u\hotspot\src\share\vm\prims\jni.cpp, line 1613]
Event: 4.901 Thread 0x000000001d986800 Exception <a 'java/lang/NoSuchMethodError': <clinit>> (0x00000000d5a612f0) thrown at [D:\src\AOSP-openjdk-cygwin\jdk8u\hotspot\src\share\vm\prims\jni.cpp, line 1613]
Event: 4.903 Thread 0x000000001d986800 Exception <a 'java/lang/NoSuchMethodError': <clinit>> (0x00000000d5a6e8e0) thrown at [D:\src\AOSP-openjdk-cygwin\jdk8u\hotspot\src\share\vm\prims\jni.cpp, line 1613]
Event: 4.904 Thread 0x000000001d986800 Exception <a 'java/lang/NoSuchMethodError': <clinit>> (0x00000000d5a7a060) thrown at [D:\src\AOSP-openjdk-cygwin\jdk8u\hotspot\src\share\vm\prims\jni.cpp, line 1613]

Events (10 events):
Event: 4.941 loading class org/gradle/cache/internal/btree/KeyHasher$MessageDigestStream
Event: 4.941 loading class org/gradle/cache/internal/btree/KeyHasher$MessageDigestStream done
Event: 4.942 loading class org/gradle/cache/internal/btree/CachingBlockStore
Event: 4.942 loading class org/gradle/cache/internal/btree/CachingBlockStore done
Event: 4.943 loading class org/gradle/cache/internal/btree/FileBackedBlockStore
Event: 4.943 loading class org/gradle/cache/internal/btree/FileBackedBlockStore done
Event: 4.945 loading class org/gradle/cache/internal/btree/Block
Event: 4.945 loading class org/gradle/cache/internal/btree/Block done
Event: 4.945 loading class org/gradle/cache/internal/btree/FileBackedBlockStore$BlockImpl
Event: 4.945 loading class org/gradle/cache/internal/btree/FileBackedBlockStore$BlockImpl done


Dynamic libraries:
0x00007ff6dc410000 - 0x00007ff6dc441000 	C:\Program Files\Android\Android Studio\jre\bin\java.exe
0x00007ff901860000 - 0x00007ff901a40000 	C:\WINDOWS\SYSTEM32\ntdll.dll
0x00007ff901430000 - 0x00007ff9014de000 	C:\WINDOWS\System32\KERNEL32.DLL
0x00007ff8fdeb0000 - 0x00007ff8fe116000 	C:\WINDOWS\System32\KERNELBASE.dll
0x00007ff8fbb20000 - 0x00007ff8fbba8000 	C:\WINDOWS\SYSTEM32\apphelp.dll
0x00007ff900ae0000 - 0x00007ff900b81000 	C:\WINDOWS\System32\ADVAPI32.dll
0x00007ff900a40000 - 0x00007ff900add000 	C:\WINDOWS\System32\msvcrt.dll
0x00007ff900f80000 - 0x00007ff900fdb000 	C:\WINDOWS\System32\sechost.dll
0x00007ff900690000 - 0x00007ff9007af000 	C:\WINDOWS\System32\RPCRT4.dll
0x00007ff900dc0000 - 0x00007ff900f4f000 	C:\WINDOWS\System32\USER32.dll
0x00007ff8fe120000 - 0x00007ff8fe140000 	C:\WINDOWS\System32\win32u.dll
0x00007ff900f50000 - 0x00007ff900f78000 	C:\WINDOWS\System32\GDI32.dll
0x00007ff8fe890000 - 0x00007ff8fea23000 	C:\WINDOWS\System32\gdi32full.dll
0x00007ff8febe0000 - 0x00007ff8fec7b000 	C:\WINDOWS\System32\msvcp_win.dll
0x00007ff8feae0000 - 0x00007ff8febd6000 	C:\WINDOWS\System32\ucrtbase.dll
0x00007ff8f2d90000 - 0x00007ff8f2ff9000 	C:\WINDOWS\WinSxS\amd64_microsoft.windows.common-controls_6595b64144ccf1df_6.0.16299.192_none_15c8cdae9364c23b\COMCTL32.dll
0x00007ff9014e0000 - 0x00007ff9017e8000 	C:\WINDOWS\System32\combase.dll
0x00007ff8fde30000 - 0x00007ff8fdea2000 	C:\WINDOWS\System32\bcryptPrimitives.dll
0x00007ff901800000 - 0x00007ff90182d000 	C:\WINDOWS\System32\IMM32.DLL
0x000000005f790000 - 0x000000005f862000 	C:\Program Files\Android\Android Studio\jre\jre\bin\msvcr100.dll
0x000000005e480000 - 0x000000005ecbe000 	C:\Program Files\Android\Android Studio\jre\jre\bin\server\jvm.dll
0x00007ff9017f0000 - 0x00007ff9017f8000 	C:\WINDOWS\System32\PSAPI.DLL
0x00007ff8f8980000 - 0x00007ff8f89a3000 	C:\WINDOWS\SYSTEM32\WINMM.dll
0x00007ff8f8850000 - 0x00007ff8f885a000 	C:\WINDOWS\SYSTEM32\VERSION.dll
0x00007ff8e5890000 - 0x00007ff8e5899000 	C:\WINDOWS\SYSTEM32\WSOCK32.dll
0x00007ff9008c0000 - 0x00007ff90092c000 	C:\WINDOWS\System32\WS2_32.dll
0x00007ff8f8890000 - 0x00007ff8f88ba000 	C:\WINDOWS\SYSTEM32\winmmbase.dll
0x00007ff8fec80000 - 0x00007ff8fecca000 	C:\WINDOWS\System32\cfgmgr32.dll
0x00007ff8f24c0000 - 0x00007ff8f24cf000 	C:\Program Files\Android\Android Studio\jre\jre\bin\verify.dll
0x00007ff8e6c80000 - 0x00007ff8e6ca9000 	C:\Program Files\Android\Android Studio\jre\jre\bin\java.dll
0x00007ff8e92d0000 - 0x00007ff8e92e6000 	C:\Program Files\Android\Android Studio\jre\jre\bin\zip.dll
0x00007ff8fed30000 - 0x00007ff900166000 	C:\WINDOWS\System32\SHELL32.dll
0x00007ff900930000 - 0x00007ff9009d6000 	C:\WINDOWS\System32\shcore.dll
0x00007ff8fe140000 - 0x00007ff8fe887000 	C:\WINDOWS\System32\windows.storage.dll
0x00007ff9009e0000 - 0x00007ff900a31000 	C:\WINDOWS\System32\shlwapi.dll
0x00007ff8fdc20000 - 0x00007ff8fdc31000 	C:\WINDOWS\System32\kernel.appcore.dll
0x00007ff8fdbd0000 - 0x00007ff8fdc1c000 	C:\WINDOWS\System32\powrprof.dll
0x00007ff8fdc40000 - 0x00007ff8fdc5b000 	C:\WINDOWS\System32\profapi.dll
0x00007ff8e8e10000 - 0x00007ff8e8e2a000 	C:\Program Files\Android\Android Studio\jre\jre\bin\net.dll
0x00007ff8fd440000 - 0x00007ff8fd4a6000 	C:\WINDOWS\system32\mswsock.dll
0x00007ff8e6300000 - 0x00007ff8e6311000 	C:\Program Files\Android\Android Studio\jre\jre\bin\nio.dll
0x00007ff8e3b00000 - 0x00007ff8e3b1e000 	C:\Users\MSI SERI\.gradle\native\25\windows-amd64\native-platform.dll
0x00007ff8f24b0000 - 0x00007ff8f24bd000 	C:\Program Files\Android\Android Studio\jre\jre\bin\management.dll
0x00007ff8fd610000 - 0x00007ff8fd627000 	C:\WINDOWS\SYSTEM32\CRYPTSP.dll
0x00007ff8fd050000 - 0x00007ff8fd083000 	C:\WINDOWS\system32\rsaenh.dll
0x00007ff8fd710000 - 0x00007ff8fd735000 	C:\WINDOWS\SYSTEM32\bcrypt.dll
0x00007ff8fdae0000 - 0x00007ff8fdb09000 	C:\WINDOWS\SYSTEM32\USERENV.dll
0x00007ff8fd600000 - 0x00007ff8fd60b000 	C:\WINDOWS\SYSTEM32\CRYPTBASE.dll
0x00007ff8fd1d0000 - 0x00007ff8fd209000 	C:\WINDOWS\SYSTEM32\IPHLPAPI.DLL
0x00007ff900370000 - 0x00007ff900378000 	C:\WINDOWS\System32\NSI.dll
0x00007ff8f90b0000 - 0x00007ff8f90c6000 	C:\WINDOWS\SYSTEM32\dhcpcsvc6.DLL
0x00007ff8f95c0000 - 0x00007ff8f95da000 	C:\WINDOWS\SYSTEM32\dhcpcsvc.DLL

VM Arguments:
jvm_args: -XX:MaxPermSize=512m -XX:+HeapDumpOnOutOfMemoryError -Xmx2048m -Dfile.encoding=UTF-8 -Duser.country=US -Duser.language=en -Duser.variant 
java_command: org.gradle.launcher.daemon.bootstrap.GradleDaemon 4.1
java_class_path (initial): C:\Users\MSI SERI\.gradle\wrapper\dists\gradle-4.1-all\bzyivzo6n839fup2jbap0tjew\gradle-4.1\lib\gradle-launcher-4.1.jar
Launcher Type: SUN_STANDARD

Environment Variables:
PATH=C:\Program Files\Java\jdk-9.0.1\bin;C:\Program Files (x86)\NVIDIA Corporation\PhysX\Common;C:\Users\MSI SERI\AppData\Local\Microsoft\WindowsApps
USERNAME=MSI SERI
OS=Windows_NT
PROCESSOR_IDENTIFIER=Intel64 Family 6 Model 60 Stepping 3, GenuineIntel



---------------  S Y S T E M  ---------------

OS: Windows 10.0 , 64 bit Build 16299 (10.0.16299.15)

CPU:total 8 (initial active 8) (4 cores per cpu, 2 threads per core) family 6 model 60 stepping 3, cmov, cx8, fxsr, mmx, sse, sse2, sse3, ssse3, sse4.1, sse4.2, popcnt, avx, avx2, aes, clmul, erms, lzcnt, ht, tsc, tscinvbit, bmi1, bmi2

Memory: 4k page, physical 8306044k(1282996k free), swap 12499372k(3748k free)

vm_info: OpenJDK 64-Bit Server VM (25.152-b01) for windows-amd64 JRE (1.8.0_152-release-915-b01), built by "builder" with MS VC++ 10.0 (VS2010)

time: Sun Feb 04 17:40:42 2018
elapsed time: 5 seconds (0d 0h 0m 5s)

