#
# There is insufficient memory for the Java Runtime Environment to continue.
# Native memory allocation (malloc) failed to allocate 98000 bytes for Chunk::new
# Possible reasons:
#   The system is out of physical RAM or swap space
#   In 32 bit mode, the process size limit was hit
# Possible solutions:
#   Reduce memory load on the system
#   Increase physical memory or swap space
#   Check if swap backing store is full
#   Use 64 bit Java on a 64 bit OS
#   Decrease Java heap size (-Xmx/-Xms)
#   Decrease number of Java threads
#   Decrease Java thread stack sizes (-Xss)
#   Set larger code cache with -XX:ReservedCodeCacheSize=
# This output file may be truncated or incomplete.
#
#  Out of Memory Error (allocation.cpp:390), pid=7956, tid=0x0000000000001f60
#
# JRE version: OpenJDK Runtime Environment (8.0_152-b01) (build 1.8.0_152-release-915-b01)
# Java VM: OpenJDK 64-Bit Server VM (25.152-b01 mixed mode windows-amd64 compressed oops)
# Failed to write core dump. Minidumps are not enabled by default on client versions of Windows
#

---------------  T H R E A D  ---------------

Current thread (0x000000001bb39800):  JavaThread "C2 CompilerThread0" daemon [_thread_in_native, id=8032, stack(0x000000001c310000,0x000000001c410000)]

Stack: [0x000000001c310000,0x000000001c410000]
[error occurred during error reporting (printing stack bounds), id 0xc0000005]

Native frames: (J=compiled Java code, j=interpreted, Vv=VM code, C=native code)


Current CompileTask:
C2:  23372 3972   !   4       sun.misc.Resource::getBytes (242 bytes)


---------------  P R O C E S S  ---------------

Java Threads: ( => current thread )
  0x000000001e5b1800 JavaThread "build operations Thread 8" [_thread_blocked, id=8160, stack(0x0000000026000000,0x0000000026100000)]
  0x000000001e5b2000 JavaThread "build operations Thread 7" [_thread_blocked, id=940, stack(0x0000000025f00000,0x0000000026000000)]
  0x000000001e5b6800 JavaThread "build operations Thread 6" [_thread_blocked, id=6100, stack(0x0000000025e00000,0x0000000025f00000)]
  0x00000000233ee800 JavaThread "build operations Thread 5" [_thread_blocked, id=2552, stack(0x0000000025d00000,0x0000000025e00000)]
  0x00000000233ed800 JavaThread "build operations Thread 4" [_thread_blocked, id=1792, stack(0x0000000025c00000,0x0000000025d00000)]
  0x00000000233ec000 JavaThread "build operations Thread 3" [_thread_blocked, id=6268, stack(0x0000000025b00000,0x0000000025c00000)]
  0x00000000233eb000 JavaThread "build operations Thread 2" [_thread_blocked, id=6356, stack(0x0000000025a00000,0x0000000025b00000)]
  0x00000000233f0800 JavaThread "build operations" [_thread_blocked, id=9800, stack(0x0000000022e80000,0x0000000022f80000)]
  0x00000000233ec800 JavaThread "Cache worker for Artifact transforms cache (C:\Users\MSI SERI\.gradle\caches\transforms-1)" [_thread_blocked, id=1744, stack(0x0000000022d80000,0x0000000022e80000)]
  0x000000001ece6000 JavaThread "Cache worker for file hash cache (F:\android\OrderApp\.gradle\4.1\fileHashes)" [_thread_blocked, id=12788, stack(0x0000000021600000,0x0000000021700000)]
  0x000000001d923000 JavaThread "File lock request listener" [_thread_in_native, id=2920, stack(0x0000000020330000,0x0000000020430000)]
  0x000000001e101000 JavaThread "Cache worker for file hash cache (C:\Users\MSI SERI\.gradle\caches\4.1\fileHashes)" [_thread_blocked, id=11628, stack(0x0000000020230000,0x0000000020330000)]
  0x000000001d661800 JavaThread "Stdin handler" [_thread_blocked, id=12828, stack(0x0000000020130000,0x0000000020230000)]
  0x000000001d661000 JavaThread "Asynchronous log dispatcher for DefaultDaemonConnection: socket connection from /127.0.0.1:52040 to /127.0.0.1:52042" [_thread_blocked, id=8172, stack(0x000000001ff30000,0x0000000020030000)]
  0x000000001d322800 JavaThread "Daemon worker" [_thread_in_vm, id=8416, stack(0x000000001fe30000,0x000000001ff30000)]
  0x000000001d31f800 JavaThread "Cancel handler" [_thread_blocked, id=564, stack(0x000000001fd30000,0x000000001fe30000)]
  0x000000001db9c800 JavaThread "Handler for socket connection from /127.0.0.1:52040 to /127.0.0.1:52042" [_thread_in_native, id=2432, stack(0x000000001fa30000,0x000000001fb30000)]
  0x000000001d353000 JavaThread "Daemon" [_thread_blocked, id=4220, stack(0x000000001f930000,0x000000001fa30000)]
  0x000000001dad8000 JavaThread "Daemon periodic checks" [_thread_blocked, id=232, stack(0x000000001f830000,0x000000001f930000)]
  0x000000001d86d800 JavaThread "Incoming local TCP Connector on port 52040" [_thread_in_native, id=9372, stack(0x000000001f5f0000,0x000000001f6f0000)]
  0x000000001bbdc800 JavaThread "Service Thread" daemon [_thread_blocked, id=10176, stack(0x000000001c710000,0x000000001c810000)]
  0x0000000019c4d000 JavaThread "C1 CompilerThread3" daemon [_thread_blocked, id=5656, stack(0x000000001c610000,0x000000001c710000)]
  0x000000001bb40000 JavaThread "C2 CompilerThread2" daemon [_thread_in_native, id=2244, stack(0x000000001c510000,0x000000001c610000)]
  0x000000001bb3e000 JavaThread "C2 CompilerThread1" daemon [_thread_in_native, id=12300, stack(0x000000001c410000,0x000000001c510000)]
=>0x000000001bb39800 JavaThread "C2 CompilerThread0" daemon [_thread_in_native, id=8032, stack(0x000000001c310000,0x000000001c410000)]
  0x000000001bb38000 JavaThread "Attach Listener" daemon [_thread_blocked, id=8896, stack(0x000000001c210000,0x000000001c310000)]
  0x000000001bb37000 JavaThread "Signal Dispatcher" daemon [_thread_blocked, id=12768, stack(0x000000001c110000,0x000000001c210000)]
  0x0000000004bc9800 JavaThread "Finalizer" daemon [_thread_blocked, id=13120, stack(0x000000001bf10000,0x000000001c010000)]
  0x0000000004bc8000 JavaThread "Reference Handler" daemon [_thread_blocked, id=12340, stack(0x000000001ba10000,0x000000001bb10000)]
  0x000000000491e800 JavaThread "main" [_thread_blocked, id=6564, stack(0x00000000049d0000,0x0000000004ad0000)]

Other Threads:
  0x0000000019c35000 VMThread [stack: 0x000000001b910000,0x000000001ba10000] [id=9024]
  0x000000001bb98000 WatcherThread [stack: 0x000000001c810000,0x000000001c910000] [id=3380]

VM state:not at safepoint (normal execution)

VM Mutex/Monitor currently owned by a thread: None

Heap:
 PSYoungGen      total 112640K, used 14095K [0x00000000d5580000, 0x00000000e0200000, 0x0000000100000000)
  eden space 101376K, 13% used [0x00000000d5580000,0x00000000d6343fd8,0x00000000db880000)
  from space 11264K, 0% used [0x00000000db880000,0x00000000db880000,0x00000000dc380000)
  to   space 12288K, 0% used [0x00000000df600000,0x00000000df600000,0x00000000e0200000)
 ParOldGen       total 96768K, used 16324K [0x0000000080000000, 0x0000000085e80000, 0x00000000d5580000)
  object space 96768K, 16% used [0x0000000080000000,0x0000000080ff1178,0x0000000085e80000)
 Metaspace       used 37136K, capacity 38004K, committed 38272K, reserved 1081344K
  class space    used 5038K, capacity 5425K, committed 5504K, reserved 1048576K

Card table byte_map: [0x0000000013f90000,0x00000000143a0000] byte_map_base: 0x0000000013b90000

Marking Bits: (ParMarkBitMap*) 0x0000000058273950
 Begin Bits: [0x0000000014e50000, 0x0000000016e50000)
 End Bits:   [0x0000000016e50000, 0x0000000018e50000)

Polling page: 0x0000000002b40000

CodeCache: size=245760Kb used=12297Kb max_used=12723Kb free=233462Kb
 bounds [0x0000000004bd0000, 0x0000000005850000, 0x0000000013bd0000]
 total_blobs=4154 nmethods=3447 adapters=620
 compilation: enabled

Compilation events (10 events):
Event: 23.354 Thread 0x0000000019c4d000 nmethod 3976 0x00000000050fb690 code [0x00000000050fb860, 0x00000000050fc028]
Event: 23.354 Thread 0x0000000019c4d000 3978       1       com.google.common.collect.MapMakerInternalMap$1::clear (1 bytes)
Event: 23.354 Thread 0x0000000019c4d000 nmethod 3978 0x00000000050fb3d0 code [0x00000000050fb520, 0x00000000050fb630]
Event: 23.354 Thread 0x0000000019c4d000 3977       3       com.google.common.collect.MapMakerInternalMap$EntryFactory::copyEntry (19 bytes)
Event: 23.354 Thread 0x0000000019c4d000 nmethod 3977 0x00000000050fac90 code [0x00000000050fae20, 0x00000000050fb1e8]
Event: 23.354 Thread 0x0000000019c4d000 3979       3       java.lang.invoke.MethodHandles$Lookup::lookupClassOrNull (17 bytes)
Event: 23.354 Thread 0x0000000019c4d000 nmethod 3979 0x00000000050f9690 code [0x00000000050f97e0, 0x00000000050f9990]
Event: 23.354 Thread 0x0000000019c4d000 3980       3       jdk.internal.org.objectweb.asm.Label::<init> (5 bytes)
Event: 23.355 Thread 0x0000000019c4d000 nmethod 3980 0x00000000050f92d0 code [0x00000000050f9420, 0x00000000050f95d0]
Event: 23.355 Thread 0x0000000019c4d000 3982       3       java.lang.invoke.InvokerBytecodeGenerator::emitStaticInvoke (246 bytes)

GC Heap History (10 events):
Event: 8.796 GC heap before
{Heap before GC invocations=5 (full 1):
 PSYoungGen      total 71680K, used 5108K [0x00000000d5580000, 0x00000000da080000, 0x0000000100000000)
  eden space 66560K, 0% used [0x00000000d5580000,0x00000000d5580000,0x00000000d9680000)
  from space 5120K, 99% used [0x00000000d9b80000,0x00000000da07d040,0x00000000da080000)
  to   space 5120K, 0% used [0x00000000d9680000,0x00000000d9680000,0x00000000d9b80000)
 ParOldGen       total 87552K, used 7391K [0x0000000080000000, 0x0000000085580000, 0x00000000d5580000)
  object space 87552K, 8% used [0x0000000080000000,0x0000000080737f50,0x0000000085580000)
 Metaspace       used 20715K, capacity 21112K, committed 21248K, reserved 1067008K
  class space    used 2872K, capacity 3035K, committed 3072K, reserved 1048576K
Event: 8.902 GC heap after
Heap after GC invocations=5 (full 1):
 PSYoungGen      total 71680K, used 0K [0x00000000d5580000, 0x00000000da080000, 0x0000000100000000)
  eden space 66560K, 0% used [0x00000000d5580000,0x00000000d5580000,0x00000000d9680000)
  from space 5120K, 0% used [0x00000000d9b80000,0x00000000d9b80000,0x00000000da080000)
  to   space 5120K, 0% used [0x00000000d9680000,0x00000000d9680000,0x00000000d9b80000)
 ParOldGen       total 61440K, used 8706K [0x0000000080000000, 0x0000000083c00000, 0x00000000d5580000)
  object space 61440K, 14% used [0x0000000080000000,0x0000000080880850,0x0000000083c00000)
 Metaspace       used 20715K, capacity 21112K, committed 21248K, reserved 1067008K
  class space    used 2872K, capacity 3035K, committed 3072K, reserved 1048576K
}
Event: 12.488 GC heap before
{Heap before GC invocations=6 (full 1):
 PSYoungGen      total 71680K, used 66560K [0x00000000d5580000, 0x00000000da080000, 0x0000000100000000)
  eden space 66560K, 100% used [0x00000000d5580000,0x00000000d9680000,0x00000000d9680000)
  from space 5120K, 0% used [0x00000000d9b80000,0x00000000d9b80000,0x00000000da080000)
  to   space 5120K, 0% used [0x00000000d9680000,0x00000000d9680000,0x00000000d9b80000)
 ParOldGen       total 61440K, used 8706K [0x0000000080000000, 0x0000000083c00000, 0x00000000d5580000)
  object space 61440K, 14% used [0x0000000080000000,0x0000000080880850,0x0000000083c00000)
 Metaspace       used 26131K, capacity 26594K, committed 26880K, reserved 1073152K
  class space    used 3551K, capacity 3746K, committed 3840K, reserved 1048576K
Event: 12.522 GC heap after
Heap after GC invocations=6 (full 1):
 PSYoungGen      total 71680K, used 5097K [0x00000000d5580000, 0x00000000dce80000, 0x0000000100000000)
  eden space 66560K, 0% used [0x00000000d5580000,0x00000000d5580000,0x00000000d9680000)
  from space 5120K, 99% used [0x00000000d9680000,0x00000000d9b7a490,0x00000000d9b80000)
  to   space 10240K, 0% used [0x00000000dc480000,0x00000000dc480000,0x00000000dce80000)
 ParOldGen       total 61440K, used 10536K [0x0000000080000000, 0x0000000083c00000, 0x00000000d5580000)
  object space 61440K, 17% used [0x0000000080000000,0x0000000080a4a0d0,0x0000000083c00000)
 Metaspace       used 26131K, capacity 26594K, committed 26880K, reserved 1073152K
  class space    used 3551K, capacity 3746K, committed 3840K, reserved 1048576K
}
Event: 18.483 GC heap before
{Heap before GC invocations=7 (full 1):
 PSYoungGen      total 71680K, used 71657K [0x00000000d5580000, 0x00000000dce80000, 0x0000000100000000)
  eden space 66560K, 100% used [0x00000000d5580000,0x00000000d9680000,0x00000000d9680000)
  from space 5120K, 99% used [0x00000000d9680000,0x00000000d9b7a490,0x00000000d9b80000)
  to   space 10240K, 0% used [0x00000000dc480000,0x00000000dc480000,0x00000000dce80000)
 ParOldGen       total 61440K, used 10536K [0x0000000080000000, 0x0000000083c00000, 0x00000000d5580000)
  object space 61440K, 17% used [0x0000000080000000,0x0000000080a4a0d0,0x0000000083c00000)
 Metaspace       used 31262K, capacity 31920K, committed 32000K, reserved 1077248K
  class space    used 4323K, capacity 4581K, committed 4608K, reserved 1048576K
Event: 18.511 GC heap after
Heap after GC invocations=7 (full 1):
 PSYoungGen      total 110592K, used 9851K [0x00000000d5580000, 0x00000000dce80000, 0x0000000100000000)
  eden space 100352K, 0% used [0x00000000d5580000,0x00000000d5580000,0x00000000db780000)
  from space 10240K, 96% used [0x00000000dc480000,0x00000000dce1ef40,0x00000000dce80000)
  to   space 11264K, 0% used [0x00000000db880000,0x00000000db880000,0x00000000dc380000)
 ParOldGen       total 61440K, used 10544K [0x0000000080000000, 0x0000000083c00000, 0x00000000d5580000)
  object space 61440K, 17% used [0x0000000080000000,0x0000000080a4c0d0,0x0000000083c00000)
 Metaspace       used 31262K, capacity 31920K, committed 32000K, reserved 1077248K
  class space    used 4323K, capacity 4581K, committed 4608K, reserved 1048576K
}
Event: 22.307 GC heap before
{Heap before GC invocations=8 (full 1):
 PSYoungGen      total 110592K, used 76684K [0x00000000d5580000, 0x00000000dce80000, 0x0000000100000000)
  eden space 100352K, 66% used [0x00000000d5580000,0x00000000d96c4300,0x00000000db780000)
  from space 10240K, 96% used [0x00000000dc480000,0x00000000dce1ef40,0x00000000dce80000)
  to   space 11264K, 0% used [0x00000000db880000,0x00000000db880000,0x00000000dc380000)
 ParOldGen       total 61440K, used 10544K [0x0000000080000000, 0x0000000083c00000, 0x00000000d5580000)
  object space 61440K, 17% used [0x0000000080000000,0x0000000080a4c0d0,0x0000000083c00000)
 Metaspace       used 34540K, capacity 35342K, committed 35416K, reserved 1079296K
  class space    used 4718K, capacity 5067K, committed 5120K, reserved 1048576K
Event: 22.359 GC heap after
Heap after GC invocations=8 (full 1):
 PSYoungGen      total 112640K, used 10383K [0x00000000d5580000, 0x00000000e0200000, 0x0000000100000000)
  eden space 101376K, 0% used [0x00000000d5580000,0x00000000d5580000,0x00000000db880000)
  from space 11264K, 92% used [0x00000000db880000,0x00000000dc2a3fd8,0x00000000dc380000)
  to   space 12288K, 0% used [0x00000000df600000,0x00000000df600000,0x00000000e0200000)
 ParOldGen       total 61440K, used 10616K [0x0000000080000000, 0x0000000083c00000, 0x00000000d5580000)
  object space 61440K, 17% used [0x0000000080000000,0x0000000080a5e0e0,0x0000000083c00000)
 Metaspace       used 34540K, capacity 35342K, committed 35416K, reserved 1079296K
  class space    used 4718K, capacity 5067K, committed 5120K, reserved 1048576K
}
Event: 22.359 GC heap before
{Heap before GC invocations=9 (full 2):
 PSYoungGen      total 112640K, used 10383K [0x00000000d5580000, 0x00000000e0200000, 0x0000000100000000)
  eden space 101376K, 0% used [0x00000000d5580000,0x00000000d5580000,0x00000000db880000)
  from space 11264K, 92% used [0x00000000db880000,0x00000000dc2a3fd8,0x00000000dc380000)
  to   space 12288K, 0% used [0x00000000df600000,0x00000000df600000,0x00000000e0200000)
 ParOldGen       total 61440K, used 10616K [0x0000000080000000, 0x0000000083c00000, 0x00000000d5580000)
  object space 61440K, 17% used [0x0000000080000000,0x0000000080a5e0e0,0x0000000083c00000)
 Metaspace       used 34540K, capacity 35342K, committed 35416K, reserved 1079296K
  class space    used 4718K, capacity 5067K, committed 5120K, reserved 1048576K
Event: 22.688 GC heap after
Heap after GC invocations=9 (full 2):
 PSYoungGen      total 112640K, used 0K [0x00000000d5580000, 0x00000000e0200000, 0x0000000100000000)
  eden space 101376K, 0% used [0x00000000d5580000,0x00000000d5580000,0x00000000db880000)
  from space 11264K, 0% used [0x00000000db880000,0x00000000db880000,0x00000000dc380000)
  to   space 12288K, 0% used [0x00000000df600000,0x00000000df600000,0x00000000e0200000)
 ParOldGen       total 96768K, used 16324K [0x0000000080000000, 0x0000000085e80000, 0x00000000d5580000)
  object space 96768K, 16% used [0x0000000080000000,0x0000000080ff1178,0x0000000085e80000)
 Metaspace       used 34540K, capacity 35342K, committed 35416K, reserved 1079296K
  class space    used 4718K, capacity 5067K, committed 5120K, reserved 1048576K
}

Deoptimization events (10 events):
Event: 22.001 Thread 0x000000001d322800 Uncommon trap: reason=class_check action=maybe_recompile pc=0x00000000053d7afc method=java.util.Hashtable.get(Ljava/lang/Object;)Ljava/lang/Object; @ 6
Event: 22.001 Thread 0x000000001d322800 Uncommon trap: reason=class_check action=maybe_recompile pc=0x00000000053d7afc method=java.util.Hashtable.get(Ljava/lang/Object;)Ljava/lang/Object; @ 6
Event: 22.001 Thread 0x000000001d322800 Uncommon trap: reason=class_check action=maybe_recompile pc=0x00000000053d7afc method=java.util.Hashtable.get(Ljava/lang/Object;)Ljava/lang/Object; @ 6
Event: 22.058 Thread 0x000000001d322800 Uncommon trap: reason=unstable_if action=reinterpret pc=0x0000000004d7be38 method=java.lang.String.replace(CC)Ljava/lang/String; @ 2
Event: 22.066 Thread 0x000000001d322800 Uncommon trap: reason=unstable_if action=reinterpret pc=0x000000000550c41c method=groovy.lang.MetaClassImpl.checkIfStdMethod(Lgroovy/lang/MetaMethod;)V @ 55
Event: 22.067 Thread 0x000000001d322800 Uncommon trap: reason=unstable_if action=reinterpret pc=0x00000000055c6604 method=org.codehaus.groovy.runtime.metaclass.MetaMethodIndex.copyNonPrivateNonNewMetaMethods(Lorg/codehaus/groovy/runtime/metaclass/MetaMethodIndex$Entry;Lorg/codehaus/groovy/runti
Event: 22.067 Thread 0x000000001d322800 Uncommon trap: reason=unstable_if action=reinterpret pc=0x000000000553b700 method=groovy.lang.MetaClassImpl$1MOPIter.methodNameAction(Ljava/lang/Class;Lorg/codehaus/groovy/runtime/metaclass/MetaMethodIndex$Entry;)V @ 259
Event: 22.713 Thread 0x000000001d322800 Uncommon trap: reason=unstable_if action=reinterpret pc=0x000000000556a724 method=java.lang.Integer.valueOf(I)Ljava/lang/Integer; @ 3
Event: 22.721 Thread 0x000000001d322800 Uncommon trap: reason=predicate action=maybe_recompile pc=0x0000000005408bc4 method=java.util.Arrays.binarySearch0([Ljava/lang/Object;IILjava/lang/Object;Ljava/util/Comparator;)I @ 28
Event: 22.824 Thread 0x000000001d322800 Uncommon trap: reason=unstable_if action=reinterpret pc=0x00000000051b3b5c method=sun.misc.MetaIndex.mayContain(Ljava/lang/String;)Z @ 38

Classes redefined (0 events):
No events

Internal exceptions (10 events):
Event: 22.072 Thread 0x000000001d322800 Exception <a 'java/lang/ClassNotFoundException': org/gradle/api/internal/project/DefaultAntBuilderBeanInfo> (0x00000000d9242c18) thrown at [D:\src\AOSP-openjdk-cygwin\jdk8u\hotspot\src\share\vm\classfile\systemDictionary.cpp, line 210]
Event: 22.073 Thread 0x000000001d322800 Exception <a 'java/lang/ClassNotFoundException': org/gradle/api/internal/project/ant/BasicAntBuilderBeanInfo> (0x00000000d9270c88) thrown at [D:\src\AOSP-openjdk-cygwin\jdk8u\hotspot\src\share\vm\classfile\systemDictionary.cpp, line 210]
Event: 22.077 Thread 0x000000001d322800 Exception <a 'java/lang/ClassNotFoundException': org/gradle/api/AntBuilderBeanInfo> (0x00000000d9291320) thrown at [D:\src\AOSP-openjdk-cygwin\jdk8u\hotspot\src\share\vm\classfile\systemDictionary.cpp, line 210]
Event: 22.080 Thread 0x000000001d322800 Exception <a 'java/lang/ClassNotFoundException': groovy/util/AntBuilderBeanInfo> (0x00000000d92b0488) thrown at [D:\src\AOSP-openjdk-cygwin\jdk8u\hotspot\src\share\vm\classfile\systemDictionary.cpp, line 210]
Event: 22.082 Thread 0x000000001d322800 Exception <a 'java/lang/ClassNotFoundException': groovy/util/BuilderSupportBeanInfo> (0x00000000d92d0af8) thrown at [D:\src\AOSP-openjdk-cygwin\jdk8u\hotspot\src\share\vm\classfile\systemDictionary.cpp, line 210]
Event: 22.083 Thread 0x000000001d322800 Exception <a 'java/lang/ClassNotFoundException': groovy/util/BuilderSupportCustomizer> (0x00000000d92f3010) thrown at [D:\src\AOSP-openjdk-cygwin\jdk8u\hotspot\src\share\vm\classfile\systemDictionary.cpp, line 210]
Event: 22.084 Thread 0x000000001d322800 Exception <a 'java/lang/ClassNotFoundException': groovy/util/AntBuilderCustomizer> (0x00000000d9316338) thrown at [D:\src\AOSP-openjdk-cygwin\jdk8u\hotspot\src\share\vm\classfile\systemDictionary.cpp, line 210]
Event: 22.086 Thread 0x000000001d322800 Exception <a 'java/lang/ClassNotFoundException': org/gradle/api/AntBuilderCustomizer> (0x00000000d933e850) thrown at [D:\src\AOSP-openjdk-cygwin\jdk8u\hotspot\src\share\vm\classfile\systemDictionary.cpp, line 210]
Event: 22.089 Thread 0x000000001d322800 Exception <a 'java/lang/ClassNotFoundException': org/gradle/api/internal/project/ant/BasicAntBuilderCustomizer> (0x00000000d937ade8) thrown at [D:\src\AOSP-openjdk-cygwin\jdk8u\hotspot\src\share\vm\classfile\systemDictionary.cpp, line 210]
Event: 22.092 Thread 0x000000001d322800 Exception <a 'java/lang/ClassNotFoundException': org/gradle/api/internal/project/DefaultAntBuilderCustomizer> (0x00000000d93be098) thrown at [D:\src\AOSP-openjdk-cygwin\jdk8u\hotspot\src\share\vm\classfile\systemDictionary.cpp, line 210]

Events (10 events):
Event: 23.354 loading class com/android/builder/profile/NoOpRecorder
Event: 23.354 loading class com/android/builder/profile/NoOpRecorder done
Event: 23.355 loading class java/lang/ThreadLocal$SuppliedThreadLocal
Event: 23.355 loading class java/lang/ThreadLocal$SuppliedThreadLocal done
Event: 23.356 loading class com/google/common/cache/LocalCache$LoadingValueReference
Event: 23.356 loading class com/google/common/cache/LocalCache$LoadingValueReference done
Event: 23.358 loading class com/google/common/util/concurrent/ListenableFuture
Event: 23.358 loading class com/google/common/util/concurrent/ListenableFuture done
Event: 23.359 loading class com/google/common/util/concurrent/SettableFuture
Event: 23.359 loading class com/google/common/util/concurrent/SettableFuture done


Dynamic libraries:
0x00007ff690600000 - 0x00007ff690631000 	C:\Program Files\Android\Android Studio\jre\bin\java.exe
0x00007ffc5df20000 - 0x00007ffc5e100000 	C:\WINDOWS\SYSTEM32\ntdll.dll
0x00007ffc5d2f0000 - 0x00007ffc5d39e000 	C:\WINDOWS\System32\KERNEL32.DLL
0x00007ffc5b110000 - 0x00007ffc5b376000 	C:\WINDOWS\System32\KERNELBASE.dll
0x00007ffc58010000 - 0x00007ffc58098000 	C:\WINDOWS\SYSTEM32\apphelp.dll
0x00007ffc5b630000 - 0x00007ffc5b6d1000 	C:\WINDOWS\System32\ADVAPI32.dll
0x00007ffc5b6e0000 - 0x00007ffc5b77d000 	C:\WINDOWS\System32\msvcrt.dll
0x00007ffc5d5a0000 - 0x00007ffc5d5fb000 	C:\WINDOWS\System32\sechost.dll
0x00007ffc5d1c0000 - 0x00007ffc5d2df000 	C:\WINDOWS\System32\RPCRT4.dll
0x00007ffc5d600000 - 0x00007ffc5d78f000 	C:\WINDOWS\System32\USER32.dll
0x00007ffc5b380000 - 0x00007ffc5b3a0000 	C:\WINDOWS\System32\win32u.dll
0x00007ffc5d420000 - 0x00007ffc5d448000 	C:\WINDOWS\System32\GDI32.dll
0x00007ffc5a6f0000 - 0x00007ffc5a883000 	C:\WINDOWS\System32\gdi32full.dll
0x00007ffc5a650000 - 0x00007ffc5a6eb000 	C:\WINDOWS\System32\msvcp_win.dll
0x00007ffc5a380000 - 0x00007ffc5a476000 	C:\WINDOWS\System32\ucrtbase.dll
0x00007ffc51a00000 - 0x00007ffc51c69000 	C:\WINDOWS\WinSxS\amd64_microsoft.windows.common-controls_6595b64144ccf1df_6.0.16299.125_none_15cbcf8893620c09\COMCTL32.dll
0x00007ffc5b780000 - 0x00007ffc5ba88000 	C:\WINDOWS\System32\combase.dll
0x00007ffc5b090000 - 0x00007ffc5b102000 	C:\WINDOWS\System32\bcryptPrimitives.dll
0x00007ffc5d450000 - 0x00007ffc5d47d000 	C:\WINDOWS\System32\IMM32.DLL
0x00000000579d0000 - 0x0000000057aa2000 	C:\Program Files\Android\Android Studio\jre\jre\bin\msvcr100.dll
0x0000000057ab0000 - 0x00000000582ee000 	C:\Program Files\Android\Android Studio\jre\jre\bin\server\jvm.dll
0x00007ffc5d590000 - 0x00007ffc5d598000 	C:\WINDOWS\System32\PSAPI.DLL
0x00007ffc48960000 - 0x00007ffc48969000 	C:\WINDOWS\SYSTEM32\WSOCK32.dll
0x00007ffc55530000 - 0x00007ffc55553000 	C:\WINDOWS\SYSTEM32\WINMM.dll
0x00007ffc5de20000 - 0x00007ffc5de8c000 	C:\WINDOWS\System32\WS2_32.dll
0x00007ffc55330000 - 0x00007ffc5533a000 	C:\WINDOWS\SYSTEM32\VERSION.dll
0x00007ffc55500000 - 0x00007ffc5552a000 	C:\WINDOWS\SYSTEM32\winmmbase.dll
0x00007ffc5b3a0000 - 0x00007ffc5b3ea000 	C:\WINDOWS\System32\cfgmgr32.dll
0x00007ffc484b0000 - 0x00007ffc484bf000 	C:\Program Files\Android\Android Studio\jre\jre\bin\verify.dll
0x00007ffc3eef0000 - 0x00007ffc3ef19000 	C:\Program Files\Android\Android Studio\jre\jre\bin\java.dll
0x00007ffc23c30000 - 0x00007ffc23c46000 	C:\Program Files\Android\Android Studio\jre\jre\bin\zip.dll
0x00007ffc5bd80000 - 0x00007ffc5d1b6000 	C:\WINDOWS\System32\SHELL32.dll
0x00007ffc5dd60000 - 0x00007ffc5de06000 	C:\WINDOWS\System32\shcore.dll
0x00007ffc5a890000 - 0x00007ffc5afd7000 	C:\WINDOWS\System32\windows.storage.dll
0x00007ffc5dc00000 - 0x00007ffc5dc51000 	C:\WINDOWS\System32\shlwapi.dll
0x00007ffc5a300000 - 0x00007ffc5a311000 	C:\WINDOWS\System32\kernel.appcore.dll
0x00007ffc5a290000 - 0x00007ffc5a2dc000 	C:\WINDOWS\System32\powrprof.dll
0x00007ffc5a270000 - 0x00007ffc5a28b000 	C:\WINDOWS\System32\profapi.dll
0x00007ffc23c10000 - 0x00007ffc23c2a000 	C:\Program Files\Android\Android Studio\jre\jre\bin\net.dll
0x00007ffc59b00000 - 0x00007ffc59b66000 	C:\WINDOWS\system32\mswsock.dll
0x00007ffc238d0000 - 0x00007ffc238e1000 	C:\Program Files\Android\Android Studio\jre\jre\bin\nio.dll
0x00007ffc48b30000 - 0x00007ffc48b4e000 	C:\Users\MSI SERI\.gradle\native\25\windows-amd64\native-platform.dll
0x00007ffc49e90000 - 0x00007ffc49e9d000 	C:\Program Files\Android\Android Studio\jre\jre\bin\management.dll
0x00007ffc59cc0000 - 0x00007ffc59cd7000 	C:\WINDOWS\SYSTEM32\CRYPTSP.dll
0x00007ffc59710000 - 0x00007ffc59743000 	C:\WINDOWS\system32\rsaenh.dll
0x00007ffc59dd0000 - 0x00007ffc59df5000 	C:\WINDOWS\SYSTEM32\bcrypt.dll
0x00007ffc5a1a0000 - 0x00007ffc5a1c9000 	C:\WINDOWS\SYSTEM32\USERENV.dll
0x00007ffc59ce0000 - 0x00007ffc59ceb000 	C:\WINDOWS\SYSTEM32\CRYPTBASE.dll
0x00007ffc59890000 - 0x00007ffc598c9000 	C:\WINDOWS\SYSTEM32\IPHLPAPI.DLL
0x00007ffc5de10000 - 0x00007ffc5de18000 	C:\WINDOWS\System32\NSI.dll
0x00007ffc540b0000 - 0x00007ffc540c6000 	C:\WINDOWS\SYSTEM32\dhcpcsvc6.DLL
0x00007ffc54160000 - 0x00007ffc5417a000 	C:\WINDOWS\SYSTEM32\dhcpcsvc.DLL

VM Arguments:
jvm_args: -XX:MaxPermSize=512m -XX:+HeapDumpOnOutOfMemoryError -Xmx2048m -Dfile.encoding=UTF-8 -Duser.country=US -Duser.language=en -Duser.variant 
java_command: org.gradle.launcher.daemon.bootstrap.GradleDaemon 4.1
java_class_path (initial): C:\Users\MSI SERI\.gradle\wrapper\dists\gradle-4.1-all\bzyivzo6n839fup2jbap0tjew\gradle-4.1\lib\gradle-launcher-4.1.jar
Launcher Type: SUN_STANDARD

Environment Variables:
PATH=C:\Program Files\Java\jdk-9.0.1\bin;C:\Users\MSI SERI\AppData\Local\Microsoft\WindowsApps
USERNAME=MSI SERI
OS=Windows_NT
PROCESSOR_IDENTIFIER=Intel64 Family 6 Model 60 Stepping 3, GenuineIntel



---------------  S Y S T E M  ---------------

OS: Windows 10.0 , 64 bit Build 16299 (10.0.16299.15)

CPU:total 8 (initial active 8) (4 cores per cpu, 2 threads per core) family 6 model 60 stepping 3, cmov, cx8, fxsr, mmx, sse, sse2, sse3, ssse3, sse4.1, sse4.2, popcnt, avx, avx2, aes, clmul, erms, lzcnt, ht, tsc, tscinvbit, bmi1, bmi2

Memory: 4k page, physical 8306044k(376064k free), swap 12492136k(1260k free)

vm_info: OpenJDK 64-Bit Server VM (25.152-b01) for windows-amd64 JRE (1.8.0_152-release-915-b01), built by "builder" with MS VC++ 10.0 (VS2010)

time: Tue Jan 02 12:16:24 2018
elapsed time: 23 seconds (0d 0h 0m 23s)

