#
# There is insufficient memory for the Java Runtime Environment to continue.
# Native memory allocation (malloc) failed to allocate 1244976 bytes for Chunk::new
# Possible reasons:
#   The system is out of physical RAM or swap space
#   In 32 bit mode, the process size limit was hit
# Possible solutions:
#   Reduce memory load on the system
#   Increase physical memory or swap space
#   Check if swap backing store is full
#   Use 64 bit Java on a 64 bit OS
#   Decrease Java heap size (-Xmx/-Xms)
#   Decrease number of Java threads
#   Decrease Java thread stack sizes (-Xss)
#   Set larger code cache with -XX:ReservedCodeCacheSize=
# This output file may be truncated or incomplete.
#
#  Out of Memory Error (allocation.cpp:390), pid=12216, tid=0x000000000000281c
#
# JRE version: OpenJDK Runtime Environment (8.0_152-b01) (build 1.8.0_152-release-915-b01)
# Java VM: OpenJDK 64-Bit Server VM (25.152-b01 mixed mode windows-amd64 compressed oops)
# Failed to write core dump. Minidumps are not enabled by default on client versions of Windows
#

---------------  T H R E A D  ---------------

Current thread (0x000000001c04c800):  JavaThread "C2 CompilerThread1" daemon [_thread_in_native, id=10268, stack(0x000000001ca10000,0x000000001cb10000)]

Stack: [0x000000001ca10000,0x000000001cb10000]
[error occurred during error reporting (printing stack bounds), id 0xc0000005]

Native frames: (J=compiled Java code, j=interpreted, Vv=VM code, C=native code)


Current CompileTask:
C2:  12788 4027       4       java.net.URLClassLoader$1::run (5 bytes)


---------------  P R O C E S S  ---------------

Java Threads: ( => current thread )
  0x0000000022172000 JavaThread "Memory manager" [_thread_blocked, id=2340, stack(0x0000000025c40000,0x0000000025d40000)]
  0x000000002216d000 JavaThread "build operations Thread 8" [_thread_blocked, id=5972, stack(0x0000000025540000,0x0000000025640000)]
  0x0000000022171800 JavaThread "build operations Thread 7" [_thread_blocked, id=5300, stack(0x0000000025440000,0x0000000025540000)]
  0x00000000219cf000 JavaThread "build operations Thread 6" [_thread_blocked, id=2936, stack(0x0000000025340000,0x0000000025440000)]
  0x00000000219d1800 JavaThread "build operations Thread 5" [_thread_blocked, id=4852, stack(0x0000000025240000,0x0000000025340000)]
  0x00000000219d0800 JavaThread "build operations Thread 4" [_thread_blocked, id=12100, stack(0x0000000024ee0000,0x0000000024fe0000)]
  0x00000000219cb000 JavaThread "build operations Thread 3" [_thread_blocked, id=1128, stack(0x0000000024de0000,0x0000000024ee0000)]
  0x00000000219cc800 JavaThread "build operations Thread 2" [_thread_blocked, id=10144, stack(0x00000000248a0000,0x00000000249a0000)]
  0x00000000219cd800 JavaThread "build operations" [_thread_blocked, id=7788, stack(0x00000000232e0000,0x00000000233e0000)]
  0x00000000219cc000 JavaThread "Cache worker for Artifact transforms cache (C:\Users\MSI SERI\.gradle\caches\transforms-1)" [_thread_blocked, id=12104, stack(0x0000000022f10000,0x0000000023010000)]
  0x000000001e5d6000 JavaThread "Cache worker for file hash cache (F:\android\OrderApp\.gradle\4.1\fileHashes)" [_thread_blocked, id=5396, stack(0x0000000020c70000,0x0000000020d70000)]
  0x000000001e230000 JavaThread "File lock request listener" [_thread_in_native, id=3260, stack(0x0000000020970000,0x0000000020a70000)]
  0x000000001e2a3000 JavaThread "Cache worker for file hash cache (C:\Users\MSI SERI\.gradle\caches\4.1\fileHashes)" [_thread_blocked, id=7708, stack(0x0000000020870000,0x0000000020970000)]
  0x000000001e96e000 JavaThread "Stdin handler" [_thread_blocked, id=7064, stack(0x0000000020770000,0x0000000020870000)]
  0x000000001dd84800 JavaThread "Asynchronous log dispatcher for DefaultDaemonConnection: socket connection from /127.0.0.1:54654 to /127.0.0.1:54655" [_thread_blocked, id=11168, stack(0x0000000020570000,0x0000000020670000)]
  0x000000001dd7a000 JavaThread "Daemon worker" [_thread_in_native, id=11800, stack(0x0000000020470000,0x0000000020570000)]
  0x000000001e971000 JavaThread "Cancel handler" [_thread_blocked, id=4596, stack(0x0000000020370000,0x0000000020470000)]
  0x000000001e17f000 JavaThread "Handler for socket connection from /127.0.0.1:54654 to /127.0.0.1:54655" [_thread_in_native, id=10736, stack(0x0000000020070000,0x0000000020170000)]
  0x000000001e17e000 JavaThread "Daemon" [_thread_blocked, id=10840, stack(0x000000001ff70000,0x0000000020070000)]
  0x000000001e2d3000 JavaThread "Daemon periodic checks" [_thread_blocked, id=4884, stack(0x000000001fe70000,0x000000001ff70000)]
  0x000000001dec6000 JavaThread "Incoming local TCP Connector on port 54654" [_thread_in_native, id=4068, stack(0x000000001fc30000,0x000000001fd30000)]
  0x000000001c0e9800 JavaThread "Service Thread" daemon [_thread_blocked, id=3476, stack(0x000000001cd10000,0x000000001ce10000)]
  0x000000001c054000 JavaThread "C1 CompilerThread3" daemon [_thread_blocked, id=6836, stack(0x000000001cc10000,0x000000001cd10000)]
  0x000000001c04d800 JavaThread "C2 CompilerThread2" daemon [_thread_in_native, id=5284, stack(0x000000001cb10000,0x000000001cc10000)]
=>0x000000001c04c800 JavaThread "C2 CompilerThread1" daemon [_thread_in_native, id=10268, stack(0x000000001ca10000,0x000000001cb10000)]
  0x000000001c048800 JavaThread "C2 CompilerThread0" daemon [_thread_in_native, id=6528, stack(0x000000001c910000,0x000000001ca10000)]
  0x000000001a14e800 JavaThread "Attach Listener" daemon [_thread_blocked, id=2532, stack(0x000000001c810000,0x000000001c910000)]
  0x000000001a14d000 JavaThread "Signal Dispatcher" daemon [_thread_blocked, id=4028, stack(0x000000001c710000,0x000000001c810000)]
  0x000000001c040800 JavaThread "Finalizer" daemon [_thread_blocked, id=4912, stack(0x000000001c420000,0x000000001c520000)]
  0x00000000050ca000 JavaThread "Reference Handler" daemon [_thread_blocked, id=12636, stack(0x000000001bf20000,0x000000001c020000)]
  0x000000000367e800 JavaThread "main" [_thread_blocked, id=8316, stack(0x0000000004e60000,0x0000000004f60000)]

Other Threads:
  0x000000001a135000 VMThread [stack: 0x000000001be20000,0x000000001bf20000] [id=3864]
  0x000000001c0ea800 WatcherThread [stack: 0x000000001ce10000,0x000000001cf10000] [id=9492]

VM state:not at safepoint (normal execution)

VM Mutex/Monitor currently owned by a thread: None

Heap:
 PSYoungGen      total 79360K, used 58848K [0x00000000d5580000, 0x00000000dae00000, 0x0000000100000000)
  eden space 68096K, 86% used [0x00000000d5580000,0x00000000d8ef8368,0x00000000d9800000)
  from space 11264K, 0% used [0x00000000d9800000,0x00000000d9800000,0x00000000da300000)
  to   space 11264K, 0% used [0x00000000da300000,0x00000000da300000,0x00000000dae00000)
 ParOldGen       total 68096K, used 16373K [0x0000000080000000, 0x0000000084280000, 0x00000000d5580000)
  object space 68096K, 24% used [0x0000000080000000,0x0000000080ffd560,0x0000000084280000)
 Metaspace       used 38632K, capacity 39516K, committed 39680K, reserved 1083392K
  class space    used 5212K, capacity 5587K, committed 5632K, reserved 1048576K

Card table byte_map: [0x0000000014490000,0x00000000148a0000] byte_map_base: 0x0000000014090000

Marking Bits: (ParMarkBitMap*) 0x0000000062b53950
 Begin Bits: [0x0000000015350000, 0x0000000017350000)
 End Bits:   [0x0000000017350000, 0x0000000019350000)

Polling page: 0x0000000003650000

CodeCache: size=245760Kb used=14284Kb max_used=14284Kb free=231475Kb
 bounds [0x00000000050d0000, 0x0000000005ee0000, 0x00000000140d0000]
 total_blobs=4677 nmethods=3964 adapters=625
 compilation: enabled

Compilation events (10 events):
Event: 12.755 Thread 0x000000001c054000 nmethod 4358 0x0000000005eab210 code [0x0000000005eab380, 0x0000000005eab710]
Event: 12.755 Thread 0x000000001c054000 4359       3       com.google.common.collect.SingletonImmutableList::copyIntoArray (11 bytes)
Event: 12.755 Thread 0x000000001c054000 nmethod 4359 0x0000000005eab7d0 code [0x0000000005eab940, 0x0000000005eabbf0]
Event: 12.755 Thread 0x000000001c054000 4360       3       org.gradle.model.internal.registry.ModelBinding::isBound (13 bytes)
Event: 12.755 Thread 0x000000001c054000 nmethod 4360 0x0000000005eabd10 code [0x0000000005eabe60, 0x0000000005eac010]
Event: 12.755 Thread 0x000000001c054000 4361       1       org.gradle.model.internal.core.ModelActionRole::isSubjectViewAvailable (5 bytes)
Event: 12.755 Thread 0x000000001c054000 nmethod 4361 0x0000000005eac090 code [0x0000000005eac1e0, 0x0000000005eac2f0]
Event: 12.755 Thread 0x000000001c054000 4362       1       org.gradle.model.internal.core.ModelActionRole::getTargetState (5 bytes)
Event: 12.755 Thread 0x000000001c054000 nmethod 4362 0x0000000005eac350 code [0x0000000005eac4a0, 0x0000000005eac5b0]
Event: 12.756 Thread 0x000000001c054000 4363       3       org.objectweb.asm.ClassReader::readCode (3343 bytes)

GC Heap History (10 events):
Event: 9.228 GC heap before
{Heap before GC invocations=7 (full 1):
 PSYoungGen      total 38400K, used 36903K [0x00000000d5580000, 0x00000000d9880000, 0x0000000100000000)
  eden space 33280K, 100% used [0x00000000d5580000,0x00000000d7600000,0x00000000d7600000)
  from space 5120K, 70% used [0x00000000d7600000,0x00000000d7989f60,0x00000000d7b00000)
  to   space 11264K, 0% used [0x00000000d8d80000,0x00000000d8d80000,0x00000000d9880000)
 ParOldGen       total 68096K, used 8873K [0x0000000080000000, 0x0000000084280000, 0x00000000d5580000)
  object space 68096K, 13% used [0x0000000080000000,0x00000000808aa6f8,0x0000000084280000)
 Metaspace       used 26240K, capacity 26734K, committed 26880K, reserved 1073152K
  class space    used 3555K, capacity 3750K, committed 3840K, reserved 1048576K
Event: 9.236 GC heap after
Heap after GC invocations=7 (full 1):
 PSYoungGen      total 57344K, used 5364K [0x00000000d5580000, 0x00000000d9800000, 0x0000000100000000)
  eden space 46592K, 0% used [0x00000000d5580000,0x00000000d5580000,0x00000000d8300000)
  from space 10752K, 49% used [0x00000000d8d80000,0x00000000d92bd060,0x00000000d9800000)
  to   space 10752K, 0% used [0x00000000d8300000,0x00000000d8300000,0x00000000d8d80000)
 ParOldGen       total 68096K, used 8873K [0x0000000080000000, 0x0000000084280000, 0x00000000d5580000)
  object space 68096K, 13% used [0x0000000080000000,0x00000000808aa6f8,0x0000000084280000)
 Metaspace       used 26240K, capacity 26734K, committed 26880K, reserved 1073152K
  class space    used 3555K, capacity 3750K, committed 3840K, reserved 1048576K
}
Event: 10.344 GC heap before
{Heap before GC invocations=8 (full 1):
 PSYoungGen      total 57344K, used 51956K [0x00000000d5580000, 0x00000000d9800000, 0x0000000100000000)
  eden space 46592K, 100% used [0x00000000d5580000,0x00000000d8300000,0x00000000d8300000)
  from space 10752K, 49% used [0x00000000d8d80000,0x00000000d92bd060,0x00000000d9800000)
  to   space 10752K, 0% used [0x00000000d8300000,0x00000000d8300000,0x00000000d8d80000)
 ParOldGen       total 68096K, used 8873K [0x0000000080000000, 0x0000000084280000, 0x00000000d5580000)
  object space 68096K, 13% used [0x0000000080000000,0x00000000808aa6f8,0x0000000084280000)
 Metaspace       used 29035K, capacity 29674K, committed 29952K, reserved 1075200K
  class space    used 4068K, capacity 4324K, committed 4352K, reserved 1048576K
Event: 10.361 GC heap after
Heap after GC invocations=8 (full 1):
 PSYoungGen      total 57344K, used 8465K [0x00000000d5580000, 0x00000000dae00000, 0x0000000100000000)
  eden space 46592K, 0% used [0x00000000d5580000,0x00000000d5580000,0x00000000d8300000)
  from space 10752K, 78% used [0x00000000d8300000,0x00000000d8b44630,0x00000000d8d80000)
  to   space 11264K, 0% used [0x00000000da300000,0x00000000da300000,0x00000000dae00000)
 ParOldGen       total 68096K, used 8881K [0x0000000080000000, 0x0000000084280000, 0x00000000d5580000)
  object space 68096K, 13% used [0x0000000080000000,0x00000000808ac6f8,0x0000000084280000)
 Metaspace       used 29035K, capacity 29674K, committed 29952K, reserved 1075200K
  class space    used 4068K, capacity 4324K, committed 4352K, reserved 1048576K
}
Event: 11.179 GC heap before
{Heap before GC invocations=9 (full 1):
 PSYoungGen      total 57344K, used 55057K [0x00000000d5580000, 0x00000000dae00000, 0x0000000100000000)
  eden space 46592K, 100% used [0x00000000d5580000,0x00000000d8300000,0x00000000d8300000)
  from space 10752K, 78% used [0x00000000d8300000,0x00000000d8b44630,0x00000000d8d80000)
  to   space 11264K, 0% used [0x00000000da300000,0x00000000da300000,0x00000000dae00000)
 ParOldGen       total 68096K, used 8881K [0x0000000080000000, 0x0000000084280000, 0x00000000d5580000)
  object space 68096K, 13% used [0x0000000080000000,0x00000000808ac6f8,0x0000000084280000)
 Metaspace       used 31424K, capacity 32074K, committed 32256K, reserved 1077248K
  class space    used 4305K, capacity 4548K, committed 4608K, reserved 1048576K
Event: 11.188 GC heap after
Heap after GC invocations=9 (full 1):
 PSYoungGen      total 79360K, used 7914K [0x00000000d5580000, 0x00000000dae00000, 0x0000000100000000)
  eden space 68096K, 0% used [0x00000000d5580000,0x00000000d5580000,0x00000000d9800000)
  from space 11264K, 70% used [0x00000000da300000,0x00000000daababb8,0x00000000dae00000)
  to   space 11264K, 0% used [0x00000000d9800000,0x00000000d9800000,0x00000000da300000)
 ParOldGen       total 68096K, used 8889K [0x0000000080000000, 0x0000000084280000, 0x00000000d5580000)
  object space 68096K, 13% used [0x0000000080000000,0x00000000808ae6f8,0x0000000084280000)
 Metaspace       used 31424K, capacity 32074K, committed 32256K, reserved 1077248K
  class space    used 4305K, capacity 4548K, committed 4608K, reserved 1048576K
}
Event: 11.995 GC heap before
{Heap before GC invocations=10 (full 1):
 PSYoungGen      total 79360K, used 45973K [0x00000000d5580000, 0x00000000dae00000, 0x0000000100000000)
  eden space 68096K, 55% used [0x00000000d5580000,0x00000000d7aaaa48,0x00000000d9800000)
  from space 11264K, 70% used [0x00000000da300000,0x00000000daababb8,0x00000000dae00000)
  to   space 11264K, 0% used [0x00000000d9800000,0x00000000d9800000,0x00000000da300000)
 ParOldGen       total 68096K, used 8889K [0x0000000080000000, 0x0000000084280000, 0x00000000d5580000)
  object space 68096K, 13% used [0x0000000080000000,0x00000000808ae6f8,0x0000000084280000)
 Metaspace       used 34483K, capacity 35304K, committed 35416K, reserved 1079296K
  class space    used 4700K, capacity 5034K, committed 5120K, reserved 1048576K
Event: 12.005 GC heap after
Heap after GC invocations=10 (full 1):
 PSYoungGen      total 79360K, used 10399K [0x00000000d5580000, 0x00000000dae00000, 0x0000000100000000)
  eden space 68096K, 0% used [0x00000000d5580000,0x00000000d5580000,0x00000000d9800000)
  from space 11264K, 92% used [0x00000000d9800000,0x00000000da227fc0,0x00000000da300000)
  to   space 11264K, 0% used [0x00000000da300000,0x00000000da300000,0x00000000dae00000)
 ParOldGen       total 68096K, used 8961K [0x0000000080000000, 0x0000000084280000, 0x00000000d5580000)
  object space 68096K, 13% used [0x0000000080000000,0x00000000808c0708,0x0000000084280000)
 Metaspace       used 34483K, capacity 35304K, committed 35416K, reserved 1079296K
  class space    used 4700K, capacity 5034K, committed 5120K, reserved 1048576K
}
Event: 12.005 GC heap before
{Heap before GC invocations=11 (full 2):
 PSYoungGen      total 79360K, used 10399K [0x00000000d5580000, 0x00000000dae00000, 0x0000000100000000)
  eden space 68096K, 0% used [0x00000000d5580000,0x00000000d5580000,0x00000000d9800000)
  from space 11264K, 92% used [0x00000000d9800000,0x00000000da227fc0,0x00000000da300000)
  to   space 11264K, 0% used [0x00000000da300000,0x00000000da300000,0x00000000dae00000)
 ParOldGen       total 68096K, used 8961K [0x0000000080000000, 0x0000000084280000, 0x00000000d5580000)
  object space 68096K, 13% used [0x0000000080000000,0x00000000808c0708,0x0000000084280000)
 Metaspace       used 34483K, capacity 35304K, committed 35416K, reserved 1079296K
  class space    used 4700K, capacity 5034K, committed 5120K, reserved 1048576K
Event: 12.089 GC heap after
Heap after GC invocations=11 (full 2):
 PSYoungGen      total 79360K, used 0K [0x00000000d5580000, 0x00000000dae00000, 0x0000000100000000)
  eden space 68096K, 0% used [0x00000000d5580000,0x00000000d5580000,0x00000000d9800000)
  from space 11264K, 0% used [0x00000000d9800000,0x00000000d9800000,0x00000000da300000)
  to   space 11264K, 0% used [0x00000000da300000,0x00000000da300000,0x00000000dae00000)
 ParOldGen       total 68096K, used 16373K [0x0000000080000000, 0x0000000084280000, 0x00000000d5580000)
  object space 68096K, 24% used [0x0000000080000000,0x0000000080ffd560,0x0000000084280000)
 Metaspace       used 34483K, capacity 35304K, committed 35416K, reserved 1079296K
  class space    used 4700K, capacity 5034K, committed 5120K, reserved 1048576K
}

Deoptimization events (10 events):
Event: 12.093 Thread 0x000000001dd7a000 Uncommon trap: reason=unstable_if action=reinterpret pc=0x0000000005b2f550 method=java.lang.Integer.valueOf(I)Ljava/lang/Integer; @ 3
Event: 12.097 Thread 0x000000001dd7a000 Uncommon trap: reason=predicate action=maybe_recompile pc=0x00000000059ab6d4 method=java.util.Arrays.binarySearch0([Ljava/lang/Object;IILjava/lang/Object;Ljava/util/Comparator;)I @ 28
Event: 12.148 Thread 0x000000001dd7a000 Uncommon trap: reason=unstable_if action=reinterpret pc=0x0000000005691108 method=sun.misc.MetaIndex.mayContain(Ljava/lang/String;)Z @ 38
Event: 12.438 Thread 0x000000001dd7a000 Uncommon trap: reason=unstable_if action=reinterpret pc=0x00000000058a9460 method=java.util.concurrent.ConcurrentHashMap.get(Ljava/lang/Object;)Ljava/lang/Object; @ 152
Event: 12.557 Thread 0x000000001dd7a000 Uncommon trap: reason=unstable_if action=reinterpret pc=0x0000000005d1849c method=java.util.HashMap.removeNode(ILjava/lang/Object;Ljava/lang/Object;ZZ)Ljava/util/HashMap$Node; @ 58
Event: 12.572 Thread 0x000000001dd7a000 Uncommon trap: reason=unstable_if action=reinterpret pc=0x0000000005a85738 method=java.util.HashMap.putVal(ILjava/lang/Object;Ljava/lang/Object;ZZ)Ljava/lang/Object; @ 162
Event: 12.572 Thread 0x000000001dd7a000 Uncommon trap: reason=unstable_if action=reinterpret pc=0x000000000537cf54 method=java.util.HashMap.resize()[Ljava/util/HashMap$Node; @ 206
Event: 12.587 Thread 0x000000001dd7a000 Uncommon trap: reason=unstable_if action=reinterpret pc=0x0000000005cf79bc method=java.util.HashMap.removeNode(ILjava/lang/Object;Ljava/lang/Object;ZZ)Ljava/util/HashMap$Node; @ 58
Event: 12.657 Thread 0x000000001dd7a000 Uncommon trap: reason=unstable_if action=reinterpret pc=0x0000000005e395b4 method=java.lang.reflect.Modifier.toString(I)Ljava/lang/String; @ 123
Event: 12.657 Thread 0x000000001dd7a000 Uncommon trap: reason=unstable_if action=reinterpret pc=0x0000000005e21368 method=java.lang.reflect.Modifier.toString(I)Ljava/lang/String; @ 123

Classes redefined (0 events):
No events

Internal exceptions (10 events):
Event: 11.912 Thread 0x000000001dd7a000 Exception <a 'java/lang/ClassNotFoundException': org/gradle/api/internal/project/DefaultAntBuilderBeanInfo> (0x00000000d76bcfb0) thrown at [D:\src\AOSP-openjdk-cygwin\jdk8u\hotspot\src\share\vm\classfile\systemDictionary.cpp, line 210]
Event: 11.913 Thread 0x000000001dd7a000 Exception <a 'java/lang/ClassNotFoundException': org/gradle/api/internal/project/ant/BasicAntBuilderBeanInfo> (0x00000000d76eb020) thrown at [D:\src\AOSP-openjdk-cygwin\jdk8u\hotspot\src\share\vm\classfile\systemDictionary.cpp, line 210]
Event: 11.914 Thread 0x000000001dd7a000 Exception <a 'java/lang/ClassNotFoundException': org/gradle/api/AntBuilderBeanInfo> (0x00000000d770b728) thrown at [D:\src\AOSP-openjdk-cygwin\jdk8u\hotspot\src\share\vm\classfile\systemDictionary.cpp, line 210]
Event: 11.914 Thread 0x000000001dd7a000 Exception <a 'java/lang/ClassNotFoundException': groovy/util/AntBuilderBeanInfo> (0x00000000d772a890) thrown at [D:\src\AOSP-openjdk-cygwin\jdk8u\hotspot\src\share\vm\classfile\systemDictionary.cpp, line 210]
Event: 11.915 Thread 0x000000001dd7a000 Exception <a 'java/lang/ClassNotFoundException': groovy/util/BuilderSupportBeanInfo> (0x00000000d774af00) thrown at [D:\src\AOSP-openjdk-cygwin\jdk8u\hotspot\src\share\vm\classfile\systemDictionary.cpp, line 210]
Event: 11.915 Thread 0x000000001dd7a000 Exception <a 'java/lang/ClassNotFoundException': groovy/util/BuilderSupportCustomizer> (0x00000000d776d418) thrown at [D:\src\AOSP-openjdk-cygwin\jdk8u\hotspot\src\share\vm\classfile\systemDictionary.cpp, line 210]
Event: 11.916 Thread 0x000000001dd7a000 Exception <a 'java/lang/ClassNotFoundException': groovy/util/AntBuilderCustomizer> (0x00000000d7790710) thrown at [D:\src\AOSP-openjdk-cygwin\jdk8u\hotspot\src\share\vm\classfile\systemDictionary.cpp, line 210]
Event: 11.917 Thread 0x000000001dd7a000 Exception <a 'java/lang/ClassNotFoundException': org/gradle/api/AntBuilderCustomizer> (0x00000000d77b8c28) thrown at [D:\src\AOSP-openjdk-cygwin\jdk8u\hotspot\src\share\vm\classfile\systemDictionary.cpp, line 210]
Event: 11.918 Thread 0x000000001dd7a000 Exception <a 'java/lang/ClassNotFoundException': org/gradle/api/internal/project/ant/BasicAntBuilderCustomizer> (0x00000000d77f5168) thrown at [D:\src\AOSP-openjdk-cygwin\jdk8u\hotspot\src\share\vm\classfile\systemDictionary.cpp, line 210]
Event: 11.919 Thread 0x000000001dd7a000 Exception <a 'java/lang/ClassNotFoundException': org/gradle/api/internal/project/DefaultAntBuilderCustomizer> (0x00000000d7838228) thrown at [D:\src\AOSP-openjdk-cygwin\jdk8u\hotspot\src\share\vm\classfile\systemDictionary.cpp, line 210]

Events (10 events):
Event: 12.769 loading class org/gradle/api/internal/tasks/DefaultSourceSetContainer$1
Event: 12.769 loading class org/gradle/api/internal/tasks/DefaultSourceSetContainer$1 done
Event: 12.770 loading class org/gradle/api/plugins/JavaBasePlugin$8
Event: 12.770 loading class org/gradle/api/plugins/JavaBasePlugin$8 done
Event: 12.771 loading class org/gradle/api/plugins/JavaBasePlugin$2
Event: 12.771 loading class org/gradle/api/plugins/JavaBasePlugin$2 done
Event: 12.773 loading class org/gradle/api/tasks/javadoc/Javadoc
Event: 12.773 loading class org/gradle/api/tasks/javadoc/Javadoc done
Event: 12.774 loading class org/gradle/api/plugins/JavaBasePlugin$9
Event: 12.774 loading class org/gradle/api/plugins/JavaBasePlugin$9 done


Dynamic libraries:
0x00007ff724800000 - 0x00007ff724831000 	C:\Program Files\Android\Android Studio\jre\bin\java.exe
0x00007fff8d7c0000 - 0x00007fff8d9a0000 	C:\WINDOWS\SYSTEM32\ntdll.dll
0x00007fff8d630000 - 0x00007fff8d6de000 	C:\WINDOWS\System32\KERNEL32.DLL
0x00007fff8a650000 - 0x00007fff8a8b6000 	C:\WINDOWS\System32\KERNELBASE.dll
0x00007fff878e0000 - 0x00007fff87968000 	C:\WINDOWS\SYSTEM32\apphelp.dll
0x00007fff8b100000 - 0x00007fff8b1a1000 	C:\WINDOWS\System32\ADVAPI32.dll
0x00007fff8d150000 - 0x00007fff8d1ed000 	C:\WINDOWS\System32\msvcrt.dll
0x00007fff8d500000 - 0x00007fff8d55b000 	C:\WINDOWS\System32\sechost.dll
0x00007fff8d350000 - 0x00007fff8d46f000 	C:\WINDOWS\System32\RPCRT4.dll
0x00007fff8b850000 - 0x00007fff8b9df000 	C:\WINDOWS\System32\USER32.dll
0x00007fff89bc0000 - 0x00007fff89be0000 	C:\WINDOWS\System32\win32u.dll
0x00007fff8d470000 - 0x00007fff8d498000 	C:\WINDOWS\System32\GDI32.dll
0x00007fff8a9c0000 - 0x00007fff8ab53000 	C:\WINDOWS\System32\gdi32full.dll
0x00007fff89db0000 - 0x00007fff89e4b000 	C:\WINDOWS\System32\msvcp_win.dll
0x00007fff8a8c0000 - 0x00007fff8a9b6000 	C:\WINDOWS\System32\ucrtbase.dll
0x00007fff7d7c0000 - 0x00007fff7da29000 	C:\WINDOWS\WinSxS\amd64_microsoft.windows.common-controls_6595b64144ccf1df_6.0.16299.192_none_15c8cdae9364c23b\COMCTL32.dll
0x00007fff8b540000 - 0x00007fff8b848000 	C:\WINDOWS\System32\combase.dll
0x00007fff8ab60000 - 0x00007fff8abd2000 	C:\WINDOWS\System32\bcryptPrimitives.dll
0x00007fff8cee0000 - 0x00007fff8cf0d000 	C:\WINDOWS\System32\IMM32.DLL
0x00000000622b0000 - 0x0000000062382000 	C:\Program Files\Android\Android Studio\jre\jre\bin\msvcr100.dll
0x0000000062390000 - 0x0000000062bce000 	C:\Program Files\Android\Android Studio\jre\jre\bin\server\jvm.dll
0x00007fff8ce20000 - 0x00007fff8ce28000 	C:\WINDOWS\System32\PSAPI.DLL
0x00007fff84890000 - 0x00007fff848b3000 	C:\WINDOWS\SYSTEM32\WINMM.dll
0x00007fff87a30000 - 0x00007fff87a39000 	C:\WINDOWS\SYSTEM32\WSOCK32.dll
0x00007fff83c30000 - 0x00007fff83c3a000 	C:\WINDOWS\SYSTEM32\VERSION.dll
0x00007fff8d5c0000 - 0x00007fff8d62c000 	C:\WINDOWS\System32\WS2_32.dll
0x00007fff84860000 - 0x00007fff8488a000 	C:\WINDOWS\SYSTEM32\WINMMBASE.dll
0x00007fff8ac40000 - 0x00007fff8ac8a000 	C:\WINDOWS\System32\cfgmgr32.dll
0x00007fff879b0000 - 0x00007fff879bf000 	C:\Program Files\Android\Android Studio\jre\jre\bin\verify.dll
0x00007fff87050000 - 0x00007fff87079000 	C:\Program Files\Android\Android Studio\jre\jre\bin\java.dll
0x00007fff85cb0000 - 0x00007fff85cc6000 	C:\Program Files\Android\Android Studio\jre\jre\bin\zip.dll
0x00007fff8b9e0000 - 0x00007fff8ce16000 	C:\WINDOWS\System32\SHELL32.dll
0x00007fff8ce30000 - 0x00007fff8ced6000 	C:\WINDOWS\System32\shcore.dll
0x00007fff89e50000 - 0x00007fff8a597000 	C:\WINDOWS\System32\windows.storage.dll
0x00007fff8b3d0000 - 0x00007fff8b421000 	C:\WINDOWS\System32\shlwapi.dll
0x00007fff89b80000 - 0x00007fff89b91000 	C:\WINDOWS\System32\kernel.appcore.dll
0x00007fff89b10000 - 0x00007fff89b5c000 	C:\WINDOWS\System32\powrprof.dll
0x00007fff89b60000 - 0x00007fff89b7b000 	C:\WINDOWS\System32\profapi.dll
0x00007fff7f720000 - 0x00007fff7f73a000 	C:\Program Files\Android\Android Studio\jre\jre\bin\net.dll
0x00007fff893a0000 - 0x00007fff89406000 	C:\WINDOWS\system32\mswsock.dll
0x00007fff7f5f0000 - 0x00007fff7f601000 	C:\Program Files\Android\Android Studio\jre\jre\bin\nio.dll
0x00007fff7e790000 - 0x00007fff7e7ae000 	C:\Users\MSI SERI\.gradle\native\25\windows-amd64\native-platform.dll
0x00007fff7f710000 - 0x00007fff7f71d000 	C:\Program Files\Android\Android Studio\jre\jre\bin\management.dll
0x00007fff89570000 - 0x00007fff89587000 	C:\WINDOWS\SYSTEM32\CRYPTSP.dll
0x00007fff88fb0000 - 0x00007fff88fe3000 	C:\WINDOWS\system32\rsaenh.dll
0x00007fff89670000 - 0x00007fff89695000 	C:\WINDOWS\SYSTEM32\bcrypt.dll
0x00007fff89a40000 - 0x00007fff89a69000 	C:\WINDOWS\SYSTEM32\USERENV.dll
0x00007fff89560000 - 0x00007fff8956b000 	C:\WINDOWS\SYSTEM32\CRYPTBASE.dll
0x00007fff89130000 - 0x00007fff89169000 	C:\WINDOWS\SYSTEM32\IPHLPAPI.DLL
0x00007fff8d340000 - 0x00007fff8d348000 	C:\WINDOWS\System32\NSI.dll
0x00007fff85760000 - 0x00007fff85776000 	C:\WINDOWS\SYSTEM32\dhcpcsvc6.DLL
0x00007fff85430000 - 0x00007fff8544a000 	C:\WINDOWS\SYSTEM32\dhcpcsvc.DLL

VM Arguments:
jvm_args: -XX:MaxPermSize=512m -XX:+HeapDumpOnOutOfMemoryError -Xmx2048m -Dfile.encoding=UTF-8 -Duser.country=US -Duser.language=en -Duser.variant 
java_command: org.gradle.launcher.daemon.bootstrap.GradleDaemon 4.1
java_class_path (initial): C:\Users\MSI SERI\.gradle\wrapper\dists\gradle-4.1-all\bzyivzo6n839fup2jbap0tjew\gradle-4.1\lib\gradle-launcher-4.1.jar
Launcher Type: SUN_STANDARD

Environment Variables:
PATH=C:\Program Files\Java\jdk-9.0.1\bin;C:\Program Files (x86)\NVIDIA Corporation\PhysX\Common;C:\Users\MSI SERI\AppData\Local\Microsoft\WindowsApps
USERNAME=MSI SERI
OS=Windows_NT
PROCESSOR_IDENTIFIER=Intel64 Family 6 Model 60 Stepping 3, GenuineIntel



---------------  S Y S T E M  ---------------

OS: Windows 10.0 , 64 bit Build 16299 (10.0.16299.15)

CPU:total 8 (initial active 8) (4 cores per cpu, 2 threads per core) family 6 model 60 stepping 3, cmov, cx8, fxsr, mmx, sse, sse2, sse3, ssse3, sse4.1, sse4.2, popcnt, avx, avx2, aes, clmul, erms, lzcnt, ht, tsc, tscinvbit, bmi1, bmi2

Memory: 4k page, physical 8306044k(1411336k free), swap 12499372k(5572k free)

vm_info: OpenJDK 64-Bit Server VM (25.152-b01) for windows-amd64 JRE (1.8.0_152-release-915-b01), built by "builder" with MS VC++ 10.0 (VS2010)

time: Thu Jan 18 01:00:19 2018
elapsed time: 12 seconds (0d 0h 0m 12s)

